532 1
1900000000 1
1900000001 2
1900000002 2
1900000003 2
1900000005 1
1900000006 1
1900000007 2
1900000012 1
1900000013 2
1900000015 2
1900000016 1
1900000017 1
1900000018 1
1900000019 1
1900000024 3
1900000025 1
1900000026 1
1900000027 1
1900000028 1
1900000029 3
1900000033 1
1900000034 2
1900000038 1
1900000039 1
1900000042 1
1900000043 1
1900000044 1
1900000046 2
1900000047 3
1900000048 1
1900000050 1
1900000051 1
1900000052 1
1900000054 2
1900000055 1
1900000056 1
1900000059 1
1900000060 1
1900000061 1
1900000063 1
1900000065 2
1900000066 2
1900000069 1
1900000070 2
1900000071 2
1900000073 1
1900000074 2
1900000075 3
1900000076 3
1900000077 1
1900000078 2
1900000080 2
1900000081 1
1900000083 2
1900000084 1
1900000085 2
1900000093 1
1900000097 3
1900000099 2
1900000101 2
1900000102 1
1900000104 2
1900000105 1
1900000108 2
1900000109 1
1900000113 2
1900000114 1
1900000116 1
1900000117 3
1900000118 1
1900000119 2
1900000120 1
1900000121 1
1900000122 1
1900000123 3
1900000124 1
1900000125 1
1900000126 2
1900000127 3
1900000129 3
1900000130 1
1900000131 3
1900000134 1
1900000135 1
1900000136 1
1900000138 2
1900000141 1
1900000142 2
1900000143 3
1900000144 1
1900000145 3
1900000147 1
1900000148 2
1900000149 2
1900000152 1
1900000156 1
1900000157 1
1900000158 1
1900000159 1
1900000161 2
1900000162 2
1900000164 1
1900000168 2
1900000169 1
1900000171 2
1900000172 3
1900000177 1
1900000179 1
1900000180 2
1900000181 1
1900000183 1
1900000184 1
1900000185 1
1900000186 1
1900000187 1
1900000188 1
1900000189 2
1900000190 1
1900000191 1
1900000192 1
1900000193 2
1900000195 1
1900000196 2
1900000197 2
1900000198 1
1900000199 1
1900000200 1
1900000201 2
1900000202 3
1900000203 1
1900000205 1
1900000206 1
1900000207 1
1900000208 3
1900000209 3
1900000210 2
1900000211 1
1900000213 2
1900000215 1
1900000217 1
1900000218 1
1900000219 4
1900000220 1
1900000221 1
1900000223 2
1900000224 2
1900000226 2
1900000227 1
1900000228 1
1900000230 1
1900000233 4
1900000234 3
1900000236 2
1900000237 1
1900000240 1
1900000241 1
1900000243 1
1900000245 1
1900000247 3
1900000248 3
1900000250 2
1900000251 1
1900000252 4
1900000256 2
1900000260 1
1900000261 1
1900000262 1
1900000263 1
1900000264 2
1900000265 1
1900000267 5
1900000268 2
1900000270 2
1900000271 1
1900000272 1
1900000274 3
1900000276 1
1900000277 1
1900000278 2
1900000279 2
1900000280 2
1900000281 2
1900000289 1
1900000290 1
1900000291 1
1900000293 1
1900000295 1
1900000296 2
1900000297 1
1900000298 1
1900000299 2
1900000301 2
1900000303 1
1900000304 1
1900000305 1
1900000306 1
1900000307 1
1900000308 1
1900000310 1
1900000311 2
1900000316 1
1900000318 1
1900000319 1
1900000320 1
1900000322 2
1900000324 2
1900000325 1
1900000327 1
1900000328 2
1900000329 1
1900000333 1
1900000335 1
1900000337 1
1900000338 2
1900000339 1
1900000343 2
1900000345 1
1900000346 1
1900000347 1
1900000348 1
1900000349 1
1900000350 1
1900000351 1
1900000352 1
1900000353 3
1900000354 3
1900000355 3
1900000356 1
1900000357 2
1900000358 3
1900000359 2
1900000360 1
1900000362 3
1900000363 2
1900000364 1
1900000365 2
1900000369 1
1900000370 2
1900000371 2
1900000372 2
1900000373 3
1900000374 1
1900000375 3
1900000376 1
1900000377 1
1900000378 3
1900000379 1
1900000381 1
1900000382 2
1900000384 3
1900000386 1
1900000387 2
1900000388 2
1900000389 2
1900000390 3
1900000392 1
1900000393 1
1900000394 1
1900000395 1
1900000396 1
1900000399 2
1900000400 1
1900000401 2
1900000403 1
1900000404 1
1900000407 2
1900000410 3
1900000412 3
1900000413 2
1900000414 1
1900000417 2
1900000418 1
1900000420 1
1900000421 2
1900000423 2
1900000424 2
1900000426 1
1900000427 1
1900000434 3
1900000436 3
1900000438 1
1900000440 2
1900000441 2
1900000442 1
1900000443 1
1900000444 2
1900000445 1
1900000446 1
1900000447 1
1900000448 2
1900000451 1
1900000452 5
1900000453 1
1900000454 2
1900000456 2
1900000459 1
1900000460 2
1900000461 1
1900000464 1
1900000466 1
1900000467 1
1900000468 2
1900000473 1
1900000474 1
1900000475 1
1900000476 1
1900000477 1
1900000478 1
1900000479 1
1900000481 1
1900000482 1
1900000483 1
1900000484 2
1900000485 2
1900000487 3
1900000489 1
1900000491 1
1900000492 3
1900000494 1
1900000496 2
1900000497 2
1900000498 2
1900000500 2
1900000501 1
1900000502 7
1900000503 1
1900000504 1
1900000505 2
1900000507 2
1900000508 3
1900000509 3
1900000510 2
1900000512 1
1900000513 2
1900000514 2
1900000515 2
1900000516 1
1900000517 1
1900000518 2
1900000519 2
1900000521 1
1900000524 2
1900000526 3
1900000527 1
1900000529 3
1900000530 1
1900000532 1
1900000533 1
1900000535 1
1900000536 1
1900000537 3
1900000538 1
1900000539 2
1900000540 1
1900000541 1
1900000543 3
1900000544 1
1900000546 1
1900000551 1
1900000552 1
1900000553 1
1900000555 1
1900000556 1
1900000557 2
1900000558 1
1900000559 2
1900000560 1
1900000561 1
1900000563 1
1900000564 1
1900000566 1
1900000568 1
1900000569 1
1900000571 1
1900000573 1
1900000574 2
1900000575 1
1900000577 1
1900000578 3
1900000580 1
1900000581 1
1900000582 2
1900000583 2
1900000585 1
1900000586 3
1900000587 1
1900000590 1
1900000592 1
1900000593 1
1900000595 1
1900000596 1
1900000597 1
1900000598 1
1900000599 1
1900000600 2
1900000601 1
1900000602 1
1900000604 1
1900000605 1
1900000606 2
1900000610 1
1900000611 2
1900000613 2
1900000614 1
1900000615 1
1900000616 1
1900000617 3
1900000618 1
1900000619 2
1900000620 1
1900000621 1
1900000623 2
1900000624 2
1900000625 2
1900000626 3
1900000627 4
1900000629 1
1900000631 1
1900000632 3
1900000633 1
1900000634 1
1900000635 3
1900000636 2
1900000637 1
1900000640 1
1900000642 2
1900000644 1
1900000645 2
1900000647 1
1900000648 2
1900000649 2
1900000651 1
1900000652 1
1900000654 5
1900000658 1
1900000659 1
1900000660 1
1900000661 2
1900000665 2
1900000666 1
1900000667 2
1900000673 2
1900000674 1
1900000676 3
1900000677 1
1900000678 1
1900000679 2
1900000682 1
1900000683 1
1900000684 1
1900000685 3
1900000686 1
1900000687 1
1900000688 1
1900000689 1
1900000692 1
1900000693 1
1900000694 2
1900000698 2
1900000699 2
1900000700 1
1900000702 1
1900000703 2
1900000704 1
1900000705 2
1900000706 1
1900000709 2
1900000710 1
1900000711 2
1900000712 2
1900000715 2
1900000719 2
1900000720 1
1900000722 3
1900000723 1
1900000728 1
1900000731 2
1900000732 5
1900000734 2
1900000735 1
1900000739 1
1900000740 2
1900000741 1
1900000742 2
1900000743 1
1900000744 2
1900000745 1
1900000746 2
1900000748 2
1900000750 2
1900000752 1
1900000753 1
1900000756 2
1900000757 1
1900000758 1
1900000759 3
1900000760 1
1900000763 2
1900000766 2
1900000768 3
1900000769 1
1900000770 1
1900000771 1
1900000772 1
1900000773 1
1900000774 2
1900000775 3
1900000776 1
1900000777 1
1900000779 1
1900000780 2
1900000781 1
1900000782 3
1900000784 3
1900000785 1
1900000786 2
1900000787 1
1900000788 2
1900000789 1
1900000791 1
1900000792 1
1900000794 1
1900000795 2
1900000800 1
1900000807 3
1900000808 1
1900000810 1
1900000811 1
1900000812 3
1900000813 2
1900000814 1
1900000815 3
1900000818 2
1900000819 1
1900000820 1
1900000822 2
1900000823 3
1900000826 2
1900000827 2
1900000828 1
1900000829 3
1900000831 1
1900000832 1
1900000833 1
1900000834 1
1900000838 1
1900000839 3
1900000841 2
1900000842 1
1900000843 1
1900000845 1
1900000846 1
1900000847 1
1900000848 2
1900000849 3
1900000850 2
1900000851 2
1900000852 2
1900000853 3
1900000854 1
1900000856 1
1900000859 1
1900000860 1
1900000864 1
1900000865 4
1900000867 3
1900000868 1
1900000869 1
1900000871 1
1900000872 2
1900000874 1
1900000875 1
1900000876 2
1900000877 1
1900000878 3
1900000882 1
1900000883 1
1900000884 1
1900000885 1
1900000888 1
1900000891 1
1900000892 1
1900000894 2
1900000895 1
1900000896 3
1900000897 2
1900000898 3
1900000899 1
1900000900 2
1900000901 1
1900000902 1
1900000904 3
1900000905 1
1900000906 2
1900000907 3
1900000908 2
1900000909 1
1900000911 3
1900000912 1
1900000913 2
1900000914 1
1900000915 4
1900000917 1
1900000918 2
1900000920 1
1900000921 3
1900000923 1
1900000924 2
1900000925 2
1900000926 3
1900000927 1
1900000928 3
1900000930 3
1900000932 1
1900000933 1
1900000934 1
1900000935 3
1900000936 2
1900000937 2
1900000938 2
1900000939 1
1900000940 1
1900000941 1
1900000942 1
1900000943 1
1900000945 2
1900000946 1
1900000947 1
1900000948 1
1900000949 2
1900000951 3
1900000952 1
1900000954 1
1900000955 1
1900000956 3
1900000958 2
1900000959 2
1900000961 1
1900000967 1
1900000968 1
1900000970 1
1900000971 1
1900000972 2
1900000973 1
1900000974 1
1900000975 1
1900000976 1
1900000977 1
1900000978 2
1900000979 3
1900000980 1
1900000981 2
1900000982 3
1900000985 3
1900000988 1
1900000991 1
1900000992 2
1900000993 1
1900000994 1
1900000995 1
1900000997 3
1900001002 2
1900001003 1
1900001004 2
1900001006 5
1900001007 2
1900001008 1
1900001012 1
1900001013 1
1900001015 2
1900001018 2
1900001019 2
1900001020 1
1900001021 3
1900001022 2
1900001023 2
1900001026 1
1900001027 1
1900001028 2
1900001029 1
1900001030 1
1900001032 1
1900001033 3
1900001034 1
1900001035 1
1900001036 3
1900001037 2
1900001038 3
1900001039 1
1900001040 2
1900001041 2
1900001043 1
1900001045 2
1900001047 5
1900001048 2
1900001049 1
1900001050 3
1900001051 2
1900001052 1
1900001055 3
1900001057 3
1900001058 3
1900001059 1
1900001061 1
1900001064 4
1900001067 1
1900001068 1
1900001069 1
1900001071 2
1900001072 1
1900001074 2
1900001075 3
1900001077 2
1900001078 1
1900001080 1
1900001083 3
1900001084 1
1900001090 3
1900001094 1
1900001095 1
1900001097 1
1900001099 1
1900001100 1
1900001102 1
1900001106 2
1900001108 2
1900001110 4
1900001111 1
1900001112 2
1900001115 2
1900001116 2
1900001118 3
1900001120 1
1900001122 1
1900001124 2
1900001127 1
1900001131 1
1900001132 1
1900001133 1
1900001135 1
1900001136 3
1900001137 1
1900001138 1
1900001140 1
1900001141 2
1900001143 1
1900001144 1
1900001146 1
1900001147 1
1900001148 1
1900001149 1
1900001151 2
1900001153 3
1900001155 1
1900001157 1
1900001158 2
1900001159 1
1900001160 1
1900001161 1
1900001162 1
1900001163 1
1900001164 1
1900001167 4
1900001168 1
1900001169 3
1900001170 2
1900001171 1
1900001172 1
1900001173 1
1900001175 2
1900001176 2
1900001177 1
1900001178 1
1900001179 3
1900001180 2
1900001182 2
1900001183 3
1900001184 1
1900001185 1
1900001186 3
1900001187 1
1900001188 1
1900001189 1
1900001190 1
1900001193 1
1900001194 1
1900001200 1
1900001201 1
1900001202 2
1900001203 1
1900001204 2
1900001207 2
1900001210 2
1900001213 1
1900001214 2
1900001215 1
1900001218 1
1900001219 2
1900001220 4
1900001221 1
1900001224 1
1900001225 1
1900001226 1
1900001229 1
1900001231 2
1900001232 3
1900001235 2
1900001236 1
1900001237 2
1900001238 2
1900001240 4
1900001241 1
1900001243 1
1900001245 1
1900001246 2
1900001247 1
1900001249 1
1900001251 2
1900001252 2
1900001254 1
1900001255 1
1900001256 1
1900001257 1
1900001259 3
1900001261 4
1900001262 2
1900001263 1
1900001267 2
1900001268 1
1900001271 1
1900001272 1
1900001273 1
1900001275 1
1900001276 1
1900001277 1
1900001282 5
1900001283 2
1900001284 1
1900001285 1
1900001288 1
1900001289 1
1900001292 1
1900001293 1
1900001294 2
1900001298 1
1900001299 1
1900001300 2
1900001301 2
1900001303 2
1900001304 2
1900001306 2
1900001308 1
1900001310 2
1900001311 2
1900001312 1
1900001313 1
1900001319 2
1900001321 3
1900001322 1
1900001323 1
1900001324 1
1900001325 2
1900001326 1
1900001327 1
1900001333 3
1900001337 1
1900001340 1
1900001341 1
1900001342 1
1900001344 2
1900001345 1
1900001347 1
1900001349 1
1900001351 1
1900001354 1
1900001355 1
1900001357 2
1900001358 1
1900001359 1
1900001360 2
1900001361 1
1900001362 2
1900001363 3
1900001364 1
1900001365 1
1900001366 2
1900001368 1
1900001369 2
1900001370 1
1900001371 1
1900001373 1
1900001374 1
1900001376 2
1900001377 1
1900001378 1
1900001379 1
1900001382 1
1900001385 2
1900001386 1
1900001388 2
1900001390 2
1900001392 2
1900001393 1
1900001394 2
1900001395 2
1900001396 1
1900001398 5
1900001400 1
1900001401 1
1900001402 5
1900001403 5
1900001404 1
1900001405 1
1900001408 1
1900001410 1
1900001412 2
1900001413 1
1900001414 2
1900001416 1
1900001417 1
1900001418 1
1900001419 1
1900001420 2
1900001421 1
1900001423 1
1900001425 1
1900001426 1
1900001427 3
1900001429 2
1900001431 1
1900001433 1
1900001436 2
1900001437 1
1900001438 1
1900001442 2
1900001443 2
1900001444 1
1900001445 2
1900001446 1
1900001448 1
1900001450 1
1900001451 1
1900001452 1
1900001453 1
1900001454 2
1900001457 1
1900001459 2
1900001461 2
1900001462 1
1900001463 1
1900001466 1
1900001467 1
1900001468 2
1900001471 1
1900001473 2
1900001474 1
1900001475 1
1900001479 2
1900001480 2
1900001481 1
1900001482 1
1900001483 1
1900001485 1
1900001486 1
1900001487 2
1900001488 2
1900001489 2
1900001490 1
1900001491 1
1900001494 2
1900001495 3
1900001498 1
1900001499 1
1900001500 1
1900001503 1
1900001504 1
1900001507 1
1900001512 1
1900001515 1
1900001516 1
1900001517 1
1900001518 1
1900001520 1
1900001522 2
1900001523 3
1900001525 1
1900001527 1
1900001529 2
1900001531 2
1900001534 2
1900001535 2
1900001536 1
1900001538 1
1900001541 1
1900001542 2
1900001543 2
1900001544 2
1900001546 1
1900001548 1
1900001550 1
1900001552 1
1900001555 2
1900001557 2
1900001559 2
1900001560 2
1900001564 1
1900001565 2
1900001567 1
1900001568 2
1900001569 1
1900001570 2
1900001572 1
1900001574 2
1900001575 1
1900001576 2
1900001577 3
1900001579 1
1900001580 1
1900001581 2
1900001582 2
1900001583 1
1900001584 1
1900001588 1
1900001589 3
1900001590 1
1900001592 2
1900001593 1
1900001594 2
1900001595 1
1900001597 3
1900001598 1
1900001599 2
1900001601 1
1900001605 2
1900001606 2
1900001607 2
1900001608 1
1900001613 1
1900001614 2
1900001616 2
1900001618 1
1900001620 1
1900001621 1
1900001623 1
1900001624 1
1900001625 4
1900001626 3
1900001627 1
1900001631 1
1900001632 1
1900001633 3
1900001634 1
1900001637 2
1900001638 2
1900001639 1
1900001644 3
1900001645 1
1900001647 3
1900001650 2
1900001651 1
1900001652 2
1900001654 1
1900001658 3
1900001660 1
1900001661 2
1900001663 1
1900001664 2
1900001665 2
1900001666 1
1900001667 1
1900001669 1
1900001670 2
1900001675 2
1900001677 1
1900001678 1
1900001679 1
1900001684 1
1900001685 1
1900001686 1
1900001687 2
1900001688 1
1900001689 1
1900001690 2
1900001696 2
1900001697 1
1900001699 2
1900001700 2
1900001702 1
1900001704 1
1900001705 3
1900001706 1
1900001709 1
1900001710 1
1900001711 2
1900001712 2
1900001713 1
1900001715 2
1900001716 2
1900001718 1
1900001719 2
1900001720 1
1900001722 3
1900001724 1
1900001728 1
1900001729 3
1900001732 2
1900001733 2
1900001734 2
1900001740 2
1900001742 1
1900001745 2
1900001746 2
1900001747 1
1900001749 1
1900001750 1
1900001751 1
1900001754 1
1900001755 6
1900001756 4
1900001757 1
1900001758 1
1900001759 1
1900001760 1
1900001761 1
1900001762 1
1900001763 1
1900001764 4
1900001765 3
1900001766 2
1900001767 1
1900001768 2
1900001769 3
1900001771 1
1900001773 1
1900001775 2
1900001778 2
1900001779 1
1900001780 2
1900001785 2
1900001786 1
1900001789 1
1900001790 1
1900001791 4
1900001792 1
1900001793 4
1900001796 1
1900001799 1
1900001800 2
1900001801 1
1900001802 1
1900001804 1
1900001805 2
1900001806 4
1900001807 1
1900001808 1
1900001809 1
1900001810 1
1900001813 1
1900001814 1
1900001815 2
1900001817 3
1900001820 1
1900001821 2
1900001822 1
1900001823 2
1900001824 2
1900001825 2
1900001828 3
1900001832 1
1900001833 2
1900001834 1
1900001836 4
1900001837 2
1900001840 1
1900001841 3
1900001845 1
1900001846 1
1900001849 3
1900001850 1
1900001851 1
1900001852 1
1900001857 1
1900001858 2
1900001859 2
1900001860 1
1900001861 1
1900001863 1
1900001864 1
1900001865 1
1900001866 1
1900001867 1
1900001868 1
1900001869 1
1900001870 1
1900001871 1
1900001873 1
1900001874 1
1900001875 1
1900001876 3
1900001878 2
1900001880 1
1900001881 1
1900001882 1
1900001883 4
1900001886 1
1900001887 3
1900001888 2
1900001889 2
1900001890 1
1900001893 1
1900001894 1
1900001901 1
1900001903 1
1900001904 1
1900001905 1
1900001906 2
1900001907 1
1900001909 1
1900001910 1
1900001913 1
1900001914 1
1900001915 1
1900001917 1
1900001919 1
1900001920 2
1900001922 2
1900001923 1
1900001924 1
1900001925 2
1900001926 1
1900001929 1
1900001930 3
1900001933 3
1900001934 2
1900001939 2
1900001940 1
1900001942 1
1900001944 1
1900001945 2
1900001947 2
1900001948 1
1900001949 1
1900001950 4
1900001951 2
1900001953 1
1900001954 1
1900001955 3
1900001956 2
1900001957 1
1900001961 2
1900001962 1
1900001963 1
1900001964 2
1900001965 4
1900001967 1
1900001969 2
1900001971 4
1900001972 1
1900001973 1
1900001974 1
1900001977 1
1900001978 1
1900001979 1
1900001980 1
1900001982 2
1900001984 2
1900001987 1
1900001989 1
1900001992 4
1900001993 3
1900001994 1
1900001995 2
1900001998 1
1900001999 1
1900002001 2
1900002002 1
1900002004 3
1900002005 1
1900002006 1
1900002007 1
1900002008 1
1900002011 2
1900002012 2
1900002013 4
1900002014 1
1900002015 1
1900002016 1
1900002017 2
1900002020 1
1900002021 3
1900002022 1
1900002023 1
1900002024 1
1900002026 2
1900002027 2
1900002029 4
1900002030 1
1900002031 2
1900002032 1
1900002033 1
1900002034 1
1900002035 1
1900002039 5
1900002040 3
1900002042 1
1900002043 1
1900002046 1
1900002047 1
1900002049 1
1900002051 2
1900002056 2
1900002058 1
1900002059 2
1900002060 1
1900002061 1
1900002062 2
1900002063 1
1900002064 1
1900002065 3
1900002066 1
1900002067 2
1900002069 1
1900002073 1
1900002074 2
1900002075 1
1900002077 1
1900002079 2
1900002083 4
1900002085 1
1900002086 1
1900002087 2
1900002090 1
1900002092 1
1900002093 2
1900002094 2
1900002095 2
1900002097 2
1900002098 2
1900002102 1
1900002103 1
1900002104 1
1900002106 1
1900002107 2
1900002108 3
1900002109 1
1900002112 2
1900002113 1
1900002114 2
1900002115 1
1900002116 2
1900002117 1
1900002118 1
1900002121 1
1900002123 4
1900002124 1
1900002125 1
1900002127 4
1900002129 1
1900002130 2
1900002131 3
1900002135 1
1900002136 1
1900002137 1
1900002139 1
1900002140 2
1900002141 1
1900002142 1
1900002143 1
1900002144 1
1900002145 1
1900002146 4
1900002147 3
1900002148 1
1900002149 1
1900002151 1
1900002153 1
1900002154 1
1900002156 1
1900002157 1
1900002158 1
1900002160 3
1900002161 1
1900002163 3
1900002164 1
1900002165 1
1900002166 2
1900002167 2
1900002168 1
1900002169 1
1900002171 3
1900002173 2
1900002174 1
1900002176 1
1900002178 1
1900002179 2
1900002182 1
1900002185 1
1900002186 1
1900002188 1
1900002189 3
1900002191 2
1900002195 2
1900002196 1
1900002197 2
1900002198 1
1900002199 1
1900002200 1
1900002201 2
1900002203 1
1900002204 1
1900002205 1
1900002208 1
1900002209 1
1900002210 1
1900002211 1
1900002212 2
1900002213 1
1900002215 2
1900002216 2
1900002218 2
1900002219 1
1900002220 2
1900002222 1
1900002225 2
1900002227 1
1900002228 2
1900002229 1
1900002231 1
1900002232 2
1900002235 1
1900002236 3
1900002239 1
1900002240 1
1900002241 1
1900002242 3
1900002243 1
1900002247 1
1900002250 3
1900002251 2
1900002254 1
1900002255 1
1900002256 1
1900002257 2
1900002258 1
1900002259 1
1900002260 1
1900002261 1
1900002262 1
1900002263 1
1900002265 1
1900002266 2
1900002267 3
1900002268 1
1900002270 1
1900002273 1
1900002274 2
1900002275 2
1900002277 1
1900002278 2
1900002281 2
1900002283 1
1900002284 1
1900002285 1
1900002286 1
1900002288 1
1900002289 1
1900002291 1
1900002292 2
1900002294 1
1900002296 1
1900002299 1
1900002300 1
1900002302 1
1900002304 2
1900002305 1
1900002307 1
1900002308 2
1900002309 1
1900002310 1
1900002311 1
1900002314 1
1900002315 1
1900002316 1
1900002318 1
1900002320 2
1900002321 1
1900002322 1
1900002324 1
1900002325 1
1900002327 1
1900002330 1
1900002331 2
1900002332 1
1900002336 1
1900002338 2
1900002339 1
1900002340 1
1900002341 1
1900002342 1
1900002343 2
1900002348 1
1900002352 1
1900002353 2
1900002354 1
1900002355 2
1900002356 1
1900002357 1
1900002358 1
1900002360 2
1900002361 1
1900002362 1
1900002363 3
1900002365 2
1900002370 1
1900002371 2
1900002373 4
1900002374 1
1900002375 1
1900002377 2
1900002378 1
1900002380 1
1900002381 1
1900002382 1
1900002386 3
1900002387 3
1900002388 1
1900002390 1
1900002393 2
1900002395 2
1900002396 1
1900002397 3
1900002401 3
1900002402 1
1900002403 2
1900002405 3
1900002407 2
1900002408 1
1900002411 1
1900002413 1
1900002414 1
1900002415 1
1900002416 1
1900002417 1
1900002421 1
1900002422 1
1900002424 1
1900002425 1
1900002426 1
1900002427 1
1900002428 1
1900002430 1
1900002433 1
1900002434 1
1900002435 1
1900002436 1
1900002437 3
1900002439 2
1900002440 2
1900002442 1
1900002444 1
1900002445 1
1900002448 1
1900002451 1
1900002452 2
1900002453 1
1900002454 2
1900002459 2
1900002460 1
1900002461 3
1900002464 1
1900002466 3
1900002468 1
1900002469 1
1900002470 1
1900002472 1
1900002474 1
1900002475 2
1900002477 2
1900002479 2
1900002483 1
1900002484 1
1900002488 1
1900002489 1
1900002490 2
1900002493 1
1900002494 2
1900002495 3
1900002497 3
1900002500 2
1900002501 2
1900002502 1
1900002503 1
1900002505 1
1900002506 2
1900002507 1
1900002510 2
1900002511 3
1900002512 1
1900002514 3
1900002515 1
1900002516 1
1900002519 1
1900002522 2
1900002523 1
1900002524 1
1900002529 1
1900002530 2
1900002531 1
1900002532 1
1900002533 2
1900002535 2
1900002539 1
1900002541 1
1900002542 2
1900002543 1
1900002544 2
1900002547 1
1900002548 2
1900002549 1
1900002550 1
1900002551 1
1900002556 2
1900002558 1
1900002559 1
1900002560 2
1900002561 2
1900002563 2
1900002564 3
1900002566 2
1900002568 1
1900002569 1
1900002571 2
1900002572 1
1900002574 1
1900002575 3
1900002576 1
1900002577 1
1900002580 3
1900002581 1
1900002583 1
1900002584 2
1900002585 1
1900002586 2
1900002587 1
1900002588 1
1900002593 2
1900002594 1
1900002595 1
1900002596 1
1900002598 1
1900002600 1
1900002601 2
1900002602 2
1900002603 2
1900002604 1
1900002605 2
1900002606 1
1900002607 1
1900002608 1
1900002609 2
1900002612 2
1900002616 1
1900002617 2
1900002619 1
1900002620 2
1900002622 1
1900002625 3
1900002628 1
1900002632 1
1900002635 1
1900002637 3
1900002638 1
1900002639 1
1900002640 1
1900002641 2
1900002642 1
1900002644 1
1900002645 4
1900002650 2
1900002651 2
1900002652 1
1900002653 2
1900002655 1
1900002656 1
1900002658 1
1900002661 1
1900002663 1
1900002664 1
1900002668 4
1900002669 2
1900002670 1
1900002671 1
1900002672 1
1900002673 1
1900002674 1
1900002675 1
1900002676 1
1900002677 1
1900002678 1
1900002681 1
1900002682 1
1900002684 1
1900002685 2
1900002686 2
1900002688 3
1900002690 1
1900002692 1
1900002693 1
1900002694 1
1900002698 2
1900002699 1
1900002702 1
1900002704 1
1900002705 2
1900002706 1
1900002710 1
1900002711 1
1900002712 2
1900002713 2
1900002714 3
1900002717 1
1900002720 1
1900002724 2
1900002727 3
1900002728 1
1900002730 2
1900002731 1
1900002733 1
1900002737 1
1900002739 1
1900002741 2
1900002743 2
1900002744 1
1900002745 1
1900002747 2
1900002748 1
1900002749 1
1900002750 1
1900002751 1
1900002752 1
1900002754 2
1900002756 1
1900002758 1
1900002761 1
1900002762 1
1900002763 2
1900002764 3
1900002765 1
1900002766 1
1900002767 1
1900002769 2
1900002771 1
1900002773 1
1900002774 1
1900002776 3
1900002778 1
1900002780 1
1900002783 1
1900002786 2
1900002787 2
1900002788 2
1900002789 3
1900002793 3
1900002794 2
1900002795 1
1900002797 1
1900002798 2
1900002799 3
1900002802 1
1900002803 1
1900002804 1
1900002805 2
1900002806 1
1900002808 1
1900002809 1
1900002810 3
1900002812 2
1900002813 5
1900002815 3
1900002816 1
1900002817 1
1900002822 2
1900002823 1
1900002824 1
1900002825 1
1900002826 1
1900002830 1
1900002832 1
1900002834 1
1900002835 2
1900002837 1
1900002840 1
1900002841 1
1900002842 2
1900002843 2
1900002844 4
1900002847 1
1900002848 1
1900002849 1
1900002851 1
1900002852 2
1900002853 2
1900002855 1
1900002856 1
1900002857 1
1900002859 3
1900002860 1
1900002862 1
1900002863 2
1900002865 1
1900002867 1
1900002868 1
1900002869 2
1900002870 1
1900002871 1
1900002872 2
1900002875 1
1900002876 2
1900002879 1
1900002880 2
1900002881 2
1900002882 2
1900002883 2
1900002884 1
1900002885 1
1900002887 1
1900002888 2
1900002889 1
1900002890 1
1900002893 3
1900002894 2
1900002896 1
1900002897 1
1900002900 1
1900002901 2
1900002902 1
1900002903 1
1900002905 1
1900002906 2
1900002907 1
1900002910 2
1900002912 2
1900002913 1
1900002914 1
1900002916 1
1900002917 1
1900002919 1
1900002920 1
1900002921 3
1900002922 1
1900002923 1
1900002924 1
1900002926 1
1900002928 1
1900002929 1
1900002932 1
1900002933 1
1900002934 2
1900002935 3
1900002936 5
1900002938 1
1900002939 2
1900002941 2
1900002942 1
1900002943 1
1900002945 2
1900002947 2
1900002948 1
1900002949 1
1900002951 1
1900002953 1
1900002955 3
1900002956 1
1900002957 1
1900002958 1
1900002959 1
1900002960 1
1900002961 1
1900002963 1
1900002964 2
1900002965 2
1900002967 1
1900002972 2
1900002973 2
1900002975 1
1900002976 2
1900002977 1
1900002978 2
1900002979 2
1900002980 1
1900002981 2
1900002983 1
1900002984 1
1900002985 1
1900002987 2
1900002990 2
1900002991 2
1900002995 4
1900002996 2
1900002997 2
1900002999 3
1900003000 1
1900003001 2
1900003002 2
1900003003 1
1900003004 1
1900003005 2
1900003008 2
1900003010 3
1900003012 2
1900003013 1
1900003014 1
1900003015 2
1900003019 1
1900003022 2
1900003023 1
1900003025 2
1900003026 1
1900003027 1
1900003029 1
1900003030 1
1900003032 1
1900003033 1
1900003034 1
1900003036 1
1900003037 2
1900003038 1
1900003039 2
1900003040 1
1900003042 2
1900003043 2
1900003044 1
1900003045 2
1900003047 1
1900003049 1
1900003051 3
1900003052 1
1900003053 1
1900003054 1
1900003056 4
1900003058 1
1900003059 4
1900003061 1
1900003062 1
1900003065 1
1900003067 1
1900003069 1
1900003071 1
1900003073 1
1900003074 2
1900003076 2
1900003080 1
1900003081 2
1900003084 1
1900003085 1
1900003086 2
1900003087 2
1900003088 2
1900003089 1
1900003090 2
1900003091 2
1900003094 1
1900003096 1
1900003098 1
1900003099 2
1900003100 1
1900003101 1
1900003102 1
1900003104 1
1900003105 1
1900003106 1
1900003108 2
1900003110 1
1900003111 3
1900003114 2
1900003118 1
1900003119 1
1900003120 2
1900003122 5
1900003123 2
1900003124 1
1900003125 2
1900003126 3
1900003129 1
1900003131 1
1900003134 3
1900003135 1
1900003136 3
1900003137 3
1900003140 1
1900003143 2
1900003144 1
1900003145 1
1900003147 1
1900003148 1
1900003149 2
1900003150 1
1900003151 1
1900003152 1
1900003153 2
1900003154 1
1900003155 1
1900003157 1
1900003158 1
1900003159 2
1900003160 1
1900003161 1
1900003164 1
1900003165 1
1900003166 2
1900003167 1
1900003168 1
1900003169 1
1900003171 2
1900003173 1
1900003174 2
1900003177 2
1900003178 2
1900003179 1
1900003181 1
1900003185 3
1900003186 4
1900003187 1
1900003189 2
1900003194 1
1900003196 2
1900003198 1
1900003202 1
1900003204 3
1900003206 1
1900003207 3
1900003208 1
1900003209 2
1900003212 1
1900003213 1
1900003214 2
1900003215 1
1900003216 1
1900003217 2
1900003218 4
1900003220 2
1900003221 1
1900003222 1
1900003225 2
1900003226 1
1900003227 1
1900003228 1
1900003230 1
1900003231 2
1900003232 2
1900003234 3
1900003235 2
1900003238 5
1900003239 1
1900003240 1
1900003241 2
1900003242 4
1900003243 3
1900003245 2
1900003246 1
1900003247 1
1900003250 1
1900003251 2
1900003253 4
1900003254 1
1900003257 1
1900003258 3
1900003259 1
1900003260 2
1900003261 1
1900003263 1
1900003264 1
1900003267 4
1900003268 2
1900003269 1
1900003270 1
1900003271 1
1900003272 1
1900003274 1
1900003276 1
1900003277 2
1900003278 3
1900003280 1
1900003281 1
1900003282 1
1900003283 1
1900003284 1
1900003285 2
1900003286 1
1900003287 1
1900003288 1
1900003289 1
1900003292 1
1900003294 1
1900003295 1
1900003301 2
1900003303 2
1900003304 1
1900003305 3
1900003307 1
1900003308 1
1900003311 1
1900003315 1
1900003316 1
1900003319 1
1900003320 1
1900003321 1
1900003322 1
1900003323 2
1900003324 1
1900003326 1
1900003327 1
1900003332 1
1900003333 1
1900003334 1
1900003335 2
1900003336 1
1900003337 2
1900003338 1
1900003339 1
1900003342 2
1900003343 1
1900003346 2
1900003348 2
1900003351 2
1900003352 2
1900003354 1
1900003356 3
1900003357 2
1900003358 3
1900003359 2
1900003360 1
1900003361 1
1900003362 2
1900003363 1
1900003364 1
1900003365 2
1900003366 1
1900003368 3
1900003369 1
1900003370 2
1900003371 1
1900003374 1
1900003375 1
1900003377 1
1900003378 2
1900003379 1
1900003382 1
1900003383 1
1900003385 1
1900003386 4
1900003387 1
1900003388 2
1900003389 1
1900003392 1
1900003393 1
1900003397 1
1900003398 2
1900003399 1
1900003401 1
1900003402 1
1900003404 1
1900003406 1
1900003409 1
1900003410 2
1900003411 2
1900003412 1
1900003414 2
1900003415 1
1900003416 1
1900003419 2
1900003421 1
1900003422 2
1900003423 2
1900003424 1
1900003427 1
1900003428 1
1900003431 2
1900003432 1
1900003433 2
1900003434 1
1900003436 1
1900003438 2
1900003439 2
1900003440 1
1900003443 3
1900003444 1
1900003446 2
1900003449 1
1900003451 1
1900003452 2
1900003453 1
1900003455 3
1900003456 2
1900003457 2
1900003459 1
1900003461 1
1900003462 1
1900003463 1
1900003465 1
1900003470 2
1900003471 1
1900003474 2
1900003476 1
1900003477 2
1900003478 2
1900003479 1
1900003480 1
1900003485 1
1900003487 2
1900003488 1
1900003489 2
1900003490 2
1900003491 1
1900003492 1
1900003493 2
1900003495 1
1900003496 2
1900003497 1
1900003498 2
1900003500 2
1900003504 1
1900003510 1
1900003511 1
1900003512 2
1900003515 1
1900003516 1
1900003517 1
1900003518 1
1900003522 1
1900003523 2
1900003524 1
1900003527 1
1900003530 1
1900003531 1
1900003535 1
1900003537 3
1900003538 2
1900003539 1
1900003541 1
1900003542 1
1900003543 1
1900003548 1
1900003549 1
1900003559 1
1900003560 3
1900003561 1
1900003562 2
1900003566 2
1900003567 2
1900003568 1
1900003571 1
1900003572 1
1900003574 1
1900003575 3
1900003576 1
1900003577 1
1900003578 2
1900003579 1
1900003580 1
1900003581 2
1900003583 4
1900003584 1
1900003585 2
1900003587 3
1900003588 1
1900003590 1
1900003592 1
1900003593 3
1900003594 1
1900003595 3
1900003596 1
1900003597 1
1900003599 1
1900003600 1
1900003601 1
1900003604 1
1900003606 1
1900003608 3
1900003609 1
1900003610 1
1900003611 1
1900003612 3
1900003614 1
1900003615 1
1900003616 2
1900003617 2
1900003618 2
1900003621 4
1900003623 1
1900003625 3
1900003626 2
1900003629 1
1900003631 2
1900003632 1
1900003633 1
1900003634 1
1900003638 3
1900003639 1
1900003640 1
1900003641 1
1900003642 3
1900003643 1
1900003644 1
1900003645 3
1900003646 1
1900003650 1
1900003651 1
1900003652 1
1900003656 1
1900003658 1
1900003659 1
1900003662 1
1900003666 1
1900003667 2
1900003669 1
1900003670 1
1900003671 1
1900003672 1
1900003675 1
1900003676 1
1900003677 3
1900003678 2
1900003680 3
1900003681 3
1900003682 1
1900003688 2
1900003689 2
1900003692 2
1900003694 1
1900003696 3
1900003697 1
1900003699 3
1900003701 2
1900003704 2
1900003707 1
1900003709 1
1900003710 1
1900003711 1
1900003713 2
1900003714 1
1900003715 1
1900003718 2
1900003719 2
1900003722 2
1900003723 2
1900003725 2
1900003727 2
1900003732 2
1900003733 2
1900003734 1
1900003735 1
1900003736 4
1900003737 1
1900003738 1
1900003740 1
1900003743 3
1900003744 1
1900003745 1
1900003746 1
1900003748 3
1900003750 2
1900003751 1
1900003756 2
1900003758 1
1900003760 1
1900003761 1
1900003762 3
1900003766 1
1900003767 1
1900003768 1
1900003770 1
1900003771 1
1900003773 2
1900003774 5
1900003775 3
1900003776 3
1900003777 2
1900003778 1
1900003779 2
1900003786 2
1900003787 2
1900003788 3
1900003789 1
1900003791 1
1900003794 1
1900003795 2
1900003796 1
1900003798 1
1900003799 1
1900003800 1
1900003801 1
1900003802 1
1900003803 1
1900003804 1
1900003806 1
1900003808 2
1900003809 1
1900003811 2
1900003813 1
1900003814 2
1900003816 1
1900003817 1
1900003818 1
1900003819 2
1900003821 2
1900003822 3
1900003825 3
1900003826 2
1900003828 1
1900003829 1
1900003831 1
1900003834 1
1900003835 1
1900003837 1
1900003840 1
1900003841 1
1900003844 2
1900003846 3
1900003847 2
1900003848 1
1900003849 2
1900003851 1
1900003853 1
1900003855 1
1900003859 2
1900003860 1
1900003863 2
1900003864 2
1900003865 2
1900003867 4
1900003868 1
1900003869 1
1900003870 2
1900003871 2
1900003872 1
1900003873 2
1900003875 1
1900003876 3
1900003878 1
1900003879 1
1900003880 1
1900003882 1
1900003884 2
1900003886 1
1900003888 2
1900003889 1
1900003890 1
1900003891 1
1900003892 1
1900003893 1
1900003894 1
1900003897 1
1900003898 2
1900003899 1
1900003902 1
1900003903 1
1900003904 3
1900003905 2
1900003906 1
1900003907 1
1900003908 1
1900003910 3
1900003911 1
1900003912 1
1900003913 1
1900003914 2
1900003916 1
1900003917 1
1900003919 2
1900003920 2
1900003922 1
1900003923 2
1900003925 1
1900003926 1
1900003930 1
1900003932 1
1900003933 2
1900003936 1
1900003937 1
1900003938 2
1900003940 3
1900003942 1
1900003943 2
1900003944 2
1900003945 2
1900003946 1
1900003948 2
1900003949 2
1900003950 1
1900003951 3
1900003952 2
1900003953 2
1900003955 2
1900003956 1
1900003958 1
1900003959 1
1900003960 1
1900003961 4
1900003962 1
1900003963 1
1900003964 2
1900003965 1
1900003966 1
1900003967 2
1900003968 1
1900003969 2
1900003971 1
1900003972 1
1900003973 2
1900003976 2
1900003977 1
1900003978 1
1900003979 2
1900003980 2
1900003981 1
1900003982 2
1900003983 2
1900003984 3
1900003986 2
1900003987 3
1900003988 2
1900003989 1
1900003990 2
1900003991 1
1900003992 1
1900003993 2
1900003994 1
1900003996 1
1900003999 2
1900004001 1
1900004002 1
1900004003 2
1900004004 1
1900004005 3
1900004006 3
1900004007 2
1900004008 1
1900004009 1
1900004010 1
1900004012 2
1900004013 1
1900004015 1
1900004016 1
1900004017 2
1900004019 1
1900004020 1
1900004022 5
1900004023 2
1900004024 2
1900004025 1
1900004028 1
1900004029 2
1900004030 1
1900004031 1
1900004032 2
1900004033 1
1900004035 1
1900004038 1
1900004039 1
1900004040 1
1900004041 1
1900004042 2
1900004044 1
1900004045 2
1900004046 1
1900004048 1
1900004049 1
1900004051 1
1900004052 2
1900004053 1
1900004054 1
1900004055 1
1900004057 1
1900004058 2
1900004059 1
1900004063 3
1900004066 2
1900004067 1
1900004070 2
1900004071 1
1900004073 1
1900004077 2
1900004078 2
1900004080 2
1900004081 2
1900004082 1
1900004083 1
1900004084 2
1900004085 1
1900004086 1
1900004087 2
1900004089 1
1900004090 1
1900004091 2
1900004092 1
1900004093 2
1900004094 1
1900004095 3
1900004098 2
1900004099 1
1900004100 1
1900004101 1
1900004102 2
1900004108 2
1900004109 1
1900004110 3
1900004111 3
1900004112 1
1900004113 1
1900004114 1
1900004115 2
1900004116 2
1900004117 1
1900004118 1
1900004119 1
1900004121 1
1900004122 1
1900004125 1
1900004127 1
1900004129 1
1900004130 2
1900004132 1
1900004133 2
1900004134 1
1900004135 2
1900004136 1
1900004137 2
1900004138 1
1900004139 2
1900004140 2
1900004141 1
1900004144 5
1900004146 2
1900004147 3
1900004148 1
1900004149 1
1900004150 2
1900004151 2
1900004152 1
1900004154 5
1900004155 1
1900004157 1
1900004158 2
1900004160 4
1900004161 1
1900004162 3
1900004163 2
1900004164 1
1900004165 2
1900004168 1
1900004171 1
1900004172 4
1900004174 1
1900004175 3
1900004177 3
1900004180 2
1900004183 3
1900004184 2
1900004187 1
1900004188 1
1900004191 3
1900004193 1
1900004195 1
1900004196 1
1900004197 2
1900004201 2
1900004202 1
1900004203 1
1900004206 1
1900004207 2
1900004209 1
1900004210 1
1900004211 1
1900004212 4
1900004213 2
1900004216 1
1900004217 3
1900004218 3
1900004219 1
1900004221 2
1900004224 2
1900004227 2
1900004228 1
1900004233 3
1900004234 2
1900004236 1
1900004237 1
1900004238 2
1900004240 2
1900004241 1
1900004243 3
1900004244 1
1900004245 1
1900004246 1
1900004248 1
1900004249 1
1900004250 2
1900004252 1
1900004254 1
1900004255 2
1900004256 1
1900004257 1
1900004258 1
1900004259 1
1900004262 1
1900004263 2
1900004268 2
1900004269 2
1900004270 1
1900004273 1
1900004274 1
1900004276 1
1900004278 1
1900004281 1
1900004282 1
1900004283 2
1900004284 6
1900004285 4
1900004286 2
1900004287 3
1900004292 2
1900004293 1
1900004295 6
1900004296 1
1900004297 2
1900004298 1
1900004307 3
1900004308 1
1900004310 1
1900004311 1
1900004312 1
1900004313 1
1900004315 2
1900004316 1
1900004319 3
1900004320 2
1900004321 2
1900004323 1
1900004324 1
1900004325 1
1900004328 1
1900004330 1
1900004331 1
1900004332 1
1900004333 3
1900004334 1
1900004336 2
1900004337 3
1900004338 1
1900004339 1
1900004340 1
1900004342 1
1900004343 3
1900004344 1
1900004346 1
1900004347 1
1900004348 1
1900004349 1
1900004350 1
1900004351 1
1900004352 2
1900004354 2
1900004355 1
1900004358 2
1900004359 1
1900004360 1
1900004361 1
1900004365 2
1900004366 1
1900004367 1
1900004368 1
1900004369 3
1900004370 1
1900004371 1
1900004372 1
1900004374 1
1900004375 1
1900004376 1
1900004377 3
1900004380 1
1900004381 3
1900004383 4
1900004385 1
1900004387 1
1900004388 2
1900004392 2
1900004393 1
1900004395 2
1900004396 1
1900004398 2
1900004399 2
1900004404 1
1900004407 4
1900004408 1
1900004409 1
1900004410 2
1900004412 1
1900004413 1
1900004414 1
1900004415 3
1900004416 2
1900004418 1
1900004422 1
1900004423 1
1900004425 1
1900004426 2
1900004428 2
1900004429 2
1900004431 1
1900004432 2
1900004433 2
1900004435 2
1900004436 1
1900004438 1
1900004440 1
1900004442 3
1900004443 1
1900004444 3
1900004445 1
1900004446 3
1900004447 1
1900004449 3
1900004450 1
1900004451 1
1900004452 1
1900004453 6
1900004456 2
1900004458 2
1900004459 1
1900004460 2
1900004463 1
1900004464 1
1900004465 1
1900004468 2
1900004469 1
1900004471 3
1900004472 1
1900004474 2
1900004476 2
1900004478 1
1900004481 2
1900004484 1
1900004485 2
1900004487 3
1900004488 2
1900004490 2
1900004492 4
1900004493 1
1900004495 1
1900004499 2
1900004500 1
1900004501 1
1900004504 2
1900004505 1
1900004506 2
1900004507 1
1900004510 1
1900004513 1
1900004514 2
1900004516 2
1900004517 1
1900004518 4
1900004521 2
1900004524 2
1900004527 1
1900004528 2
1900004531 1
1900004532 1
1900004533 2
1900004534 1
1900004535 2
1900004536 1
1900004537 1
1900004539 2
1900004540 3
1900004543 2
1900004544 1
1900004547 2
1900004550 1
1900004551 1
1900004552 2
1900004554 1
1900004557 2
1900004559 1
1900004561 1
1900004562 1
1900004563 4
1900004564 1
1900004565 1
1900004566 1
1900004567 1
1900004569 1
1900004571 1
1900004572 1
1900004573 3
1900004575 1
1900004576 1
1900004578 1
1900004580 2
1900004581 1
1900004582 2
1900004584 1
1900004585 1
1900004586 2
1900004588 2
1900004590 1
1900004592 1
1900004595 1
1900004596 1
1900004598 2
1900004599 2
1900004600 1
1900004601 1
1900004602 2
1900004603 1
1900004604 1
1900004605 2
1900004607 2
1900004608 1
1900004609 2
1900004610 1
1900004612 3
1900004614 2
1900004619 2
1900004624 2
1900004626 1
1900004628 3
1900004629 1
1900004630 2
1900004633 3
1900004634 2
1900004635 1
1900004637 3
1900004638 1
1900004640 4
1900004643 2
1900004644 1
1900004645 2
1900004646 2
1900004647 2
1900004648 1
1900004649 1
1900004652 2
1900004653 1
1900004656 2
1900004658 1
1900004659 1
1900004661 3
1900004662 2
1900004663 1
1900004664 1
1900004665 1
1900004668 1
1900004671 2
1900004672 1
1900004673 1
1900004674 1
1900004675 1
1900004678 1
1900004681 1
1900004682 4
1900004684 2
1900004685 3
1900004686 3
1900004687 1
1900004689 1
1900004690 1
1900004691 3
1900004694 1
1900004696 2
1900004697 1
1900004698 1
1900004700 1
1900004702 2
1900004705 1
1900004706 2
1900004710 2
1900004711 1
1900004712 1
1900004714 1
1900004716 2
1900004717 1
1900004718 1
1900004719 1
1900004723 1
1900004724 1
1900004726 2
1900004727 2
1900004728 2
1900004730 1
1900004731 3
1900004734 1
1900004736 2
1900004737 1
1900004738 2
1900004740 1
1900004741 3
1900004744 1
1900004745 3
1900004746 1
1900004747 1
1900004749 1
1900004750 2
1900004751 2
1900004753 1
1900004757 1
1900004759 2
1900004760 1
1900004761 2
1900004762 3
1900004763 1
1900004767 3
1900004768 1
1900004771 3
1900004772 1
1900004774 2
1900004775 1
1900004776 2
1900004777 2
1900004778 1
1900004779 2
1900004780 1
1900004781 1
1900004782 2
1900004784 1
1900004785 2
1900004786 5
1900004787 1
1900004788 2
1900004789 2
1900004790 1
1900004791 2
1900004792 1
1900004794 1
1900004795 1
1900004799 3
1900004802 1
1900004804 1
1900004805 1
1900004806 1
1900004807 2
1900004808 1
1900004809 2
1900004810 2
1900004811 1
1900004813 1
1900004814 2
1900004816 1
1900004818 2
1900004820 2
1900004821 1
1900004823 1
1900004825 5
1900004827 2
1900004828 3
1900004829 1
1900004830 4
1900004831 3
1900004834 2
1900004837 1
1900004839 1
1900004841 1
1900004842 1
1900004848 5
1900004849 2
1900004853 1
1900004855 1
1900004857 1
1900004858 1
1900004860 1
1900004864 2
1900004867 2
1900004869 2
1900004873 3
1900004874 1
1900004877 2
1900004878 3
1900004879 1
1900004880 1
1900004881 2
1900004882 1
1900004885 2
1900004887 3
1900004889 3
1900004890 1
1900004894 1
1900004895 1
1900004896 1
1900004897 1
1900004898 2
1900004901 1
1900004903 2
1900004904 2
1900004906 1
1900004907 1
1900004910 1
1900004912 2
1900004913 2
1900004915 1
1900004916 1
1900004918 1
1900004919 1
1900004920 1
1900004922 1
1900004924 1
1900004925 1
1900004926 2
1900004928 3
1900004929 2
1900004930 1
1900004933 1
1900004935 2
1900004936 1
1900004939 1
1900004941 1
1900004942 1
1900004947 1
1900004948 1
1900004950 2
1900004951 1
1900004952 3
1900004953 4
1900004954 1
1900004955 2
1900004956 2
1900004957 1
1900004958 3
1900004959 2
1900004961 1
1900004962 1
1900004963 1
1900004964 1
1900004966 1
1900004967 1
1900004968 1
1900004971 1
1900004972 1
1900004973 1
1900004974 1
1900004977 1
1900004978 1
1900004979 1
1900004980 1
1900004981 2
1900004984 1
1900004985 2
1900004986 3
1900004987 1
1900004988 1
1900004989 1
1900004990 1
1900004991 3
1900004992 2
1900004994 3
1900004996 2
1900004997 1
1900005000 1
1900005001 1
1900005002 4
1900005003 1
1900005004 3
1900005006 1
1900005008 1
1900005010 1
1900005012 1
1900005013 1
1900005014 1
1900005016 1
1900005018 3
1900005019 1
1900005022 1
1900005024 1
1900005027 2
1900005028 2
1900005029 1
1900005030 2
1900005031 2
1900005032 2
1900005033 2
1900005034 2
1900005037 1
1900005039 2
1900005041 1
1900005042 2
1900005043 1
1900005045 3
1900005046 1
1900005047 1
1900005049 1
1900005050 1
1900005052 2
1900005053 1
1900005054 1
1900005056 1
1900005057 1
1900005060 3
1900005062 1
1900005064 1
1900005065 1
1900005066 2
1900005070 1
1900005071 1
1900005073 3
1900005074 2
1900005077 3
1900005078 2
1900005079 1
1900005081 1
1900005083 1
1900005084 1
1900005086 2
1900005089 2
1900005090 1
1900005092 1
1900005093 3
1900005094 1
1900005098 1
1900005102 2
1900005103 2
1900005104 2
1900005105 1
1900005107 3
1900005108 2
1900005110 1
1900005111 1
1900005113 2
1900005115 7
1900005116 4
1900005118 2
1900005119 2
1900005120 1
1900005125 1
1900005126 2
1900005127 2
1900005128 1
1900005130 1
1900005131 2
1900005134 1
1900005135 1
1900005137 4
1900005139 2
1900005141 2
1900005142 2
1900005143 1
1900005144 3
1900005146 2
1900005148 1
1900005149 1
1900005151 2
1900005153 3
1900005154 1
1900005155 1
1900005156 1
1900005157 2
1900005159 1
1900005162 4
1900005163 1
1900005164 1
1900005165 1
1900005167 1
1900005169 2
1900005171 1
1900005173 3
1900005174 2
1900005175 1
1900005176 2
1900005177 1
1900005178 1
1900005181 2
1900005183 1
1900005185 1
1900005186 2
1900005187 2
1900005188 1
1900005189 1
1900005191 1
1900005192 2
1900005193 1
1900005194 1
1900005195 1
1900005196 1
1900005197 2
1900005199 1
1900005201 1
1900005203 3
1900005204 1
1900005207 1
1900005209 3
1900005210 1
1900005212 1
1900005214 2
1900005215 3
1900005217 1
1900005218 2
1900005219 1
1900005221 3
1900005222 2
1900005225 1
1900005228 1
1900005229 2
1900005230 1
1900005231 2
1900005232 2
1900005234 2
1900005235 1
1900005236 2
1900005237 2
1900005238 3
1900005239 1
1900005241 1
1900005242 2
1900005243 1
1900005250 1
1900005252 1
1900005254 2
1900005255 1
1900005257 2
1900005258 4
1900005259 1
1900005261 3
1900005263 1
1900005264 2
1900005265 1
1900005267 1
1900005268 1
1900005269 2
1900005270 1
1900005271 1
1900005272 1
1900005273 3
1900005275 2
1900005276 1
1900005278 1
1900005279 2
1900005280 2
1900005281 2
1900005282 2
1900005283 1
1900005284 2
1900005285 1
1900005287 1
1900005289 5
1900005291 1
1900005292 2
1900005294 2
1900005295 1
1900005297 2
1900005298 2
1900005299 1
1900005300 3
1900005302 1
1900005303 1
1900005304 2
1900005305 6
1900005306 1
1900005307 1
1900005310 1
1900005311 1
1900005315 3
1900005316 2
1900005318 3
1900005319 2
1900005320 2
1900005321 4
1900005322 2
1900005323 1
1900005324 2
1900005325 1
1900005326 1
1900005327 1
1900005328 2
1900005329 1
1900005330 1
1900005331 3
1900005338 2
1900005339 1
1900005341 1
1900005342 1
1900005343 3
1900005345 1
1900005346 2
1900005347 2
1900005349 3
1900005350 1
1900005351 5
1900005352 3
1900005356 1
1900005358 1
1900005359 1
1900005360 1
1900005361 1
1900005362 1
1900005364 1
1900005365 2
1900005366 1
1900005370 1
1900005371 1
1900005372 1
1900005374 3
1900005375 1
1900005377 1
1900005379 2
1900005380 1
1900005385 2
1900005386 3
1900005388 1
1900005389 1
1900005390 1
1900005391 2
1900005392 2
1900005393 1
1900005394 3
1900005395 3
1900005396 1
1900005397 1
1900005399 1
1900005401 3
1900005402 1
1900005403 2
1900005404 2
1900005405 1
1900005407 2
1900005408 1
1900005415 1
1900005416 1
1900005417 1
1900005419 1
1900005422 2
1900005423 2
1900005424 1
1900005425 2
1900005426 1
1900005427 1
1900005428 2
1900005430 4
1900005431 1
1900005433 2
1900005438 1
1900005440 1
1900005441 1
1900005443 2
1900005445 1
1900005446 1
1900005448 1
1900005449 2
1900005450 2
1900005451 2
1900005452 1
1900005453 2
1900005454 1
1900005455 1
1900005456 1
1900005457 3
1900005458 1
1900005459 2
1900005461 1
1900005463 1
1900005464 1
1900005466 1
1900005467 1
1900005469 2
1900005471 1
1900005472 1
1900005473 1
1900005475 1
1900005476 1
1900005478 1
1900005480 1
1900005482 1
1900005484 2
1900005485 2
1900005486 2
1900005491 1
1900005492 3
1900005496 1
1900005497 2
1900005499 1
1900005500 4
1900005507 3
1900005509 1
1900005510 3
1900005511 1
1900005512 1
1900005513 1
1900005514 3
1900005515 2
1900005519 2
1900005520 2
1900005521 1
1900005522 2
1900005523 5
1900005524 2
1900005527 1
1900005528 1
1900005531 1
1900005533 1
1900005535 1
1900005536 1
1900005537 4
1900005538 2
1900005539 3
1900005541 1
1900005542 2
1900005544 2
1900005545 1
1900005546 2
1900005547 1
1900005549 2
1900005550 1
1900005553 3
1900005554 3
1900005557 1
1900005558 1
1900005559 3
1900005560 1
1900005561 3
1900005564 1
1900005568 1
1900005569 2
1900005572 1
1900005573 1
1900005574 2
1900005575 2
1900005576 1
1900005577 1
1900005578 2
1900005580 1
1900005582 1
1900005583 4
1900005584 1
1900005586 1
1900005587 1
1900005588 3
1900005589 2
1900005591 2
1900005592 3
1900005593 1
1900005594 1
1900005597 1
1900005599 4
1900005600 2
1900005601 1
1900005602 2
1900005603 1
1900005604 1
1900005606 1
1900005608 2
1900005610 1
1900005613 2
1900005614 2
1900005617 1
1900005618 1
1900005619 1
1900005620 2
1900005621 1
1900005622 1
1900005623 2
1900005627 1
1900005628 3
1900005630 2
1900005635 1
1900005636 3
1900005637 2
1900005639 1
1900005640 1
1900005641 1
1900005642 2
1900005644 2
1900005645 1
1900005647 2
1900005650 2
1900005651 1
1900005652 2
1900005653 1
1900005656 1
1900005658 1
1900005660 2
1900005661 2
1900005662 1
1900005665 2
1900005666 1
1900005668 3
1900005671 2
1900005672 1
1900005674 1
1900005675 2
1900005678 2
1900005679 1
1900005680 1
1900005681 1
1900005683 1
1900005684 3
1900005685 1
1900005687 1
1900005688 2
1900005689 2
1900005690 1
1900005692 2
1900005693 1
1900005695 2
1900005696 1
1900005698 2
1900005699 3
1900005700 1
1900005701 1
1900005709 1
1900005710 2
1900005711 4
1900005713 2
1900005716 1
1900005717 2
1900005718 2
1900005719 1
1900005721 1
1900005723 2
1900005724 1
1900005725 1
1900005726 2
1900005728 2
1900005730 1
1900005732 1
1900005733 2
1900005734 4
1900005735 1
1900005738 2
1900005740 1
1900005741 2
1900005743 6
1900005744 4
1900005746 2
1900005747 1
1900005748 1
1900005749 1
1900005750 1
1900005752 1
1900005757 1
1900005758 1
1900005759 1
1900005760 2
1900005762 2
1900005763 1
1900005764 1
1900005767 1
1900005768 1
1900005773 1
1900005776 2
1900005778 1
1900005779 1
1900005780 1
1900005781 1
1900005782 2
1900005783 1
1900005784 1
1900005791 1
1900005792 1
1900005795 1
1900005796 1
1900005798 3
1900005800 1
1900005801 1
1900005804 1
1900005805 1
1900005807 1
1900005808 2
1900005810 1
1900005811 1
1900005815 3
1900005816 1
1900005817 1
1900005818 2
1900005819 1
1900005821 1
1900005823 2
1900005824 5
1900005825 2
1900005826 4
1900005830 2
1900005831 1
1900005832 1
1900005834 1
1900005836 1
1900005839 1
1900005841 2
1900005842 2
1900005843 1
1900005844 3
1900005846 1
1900005847 1
1900005848 2
1900005850 3
1900005851 2
1900005859 3
1900005860 1
1900005861 2
1900005863 1
1900005865 1
1900005868 1
1900005869 3
1900005872 1
1900005873 1
1900005874 1
1900005875 2
1900005876 1
1900005877 1
1900005879 1
1900005881 2
1900005882 1
1900005883 2
1900005884 1
1900005885 1
1900005886 1
1900005887 2
1900005890 2
1900005891 1
1900005892 2
1900005894 2
1900005895 2
1900005896 3
1900005897 4
1900005899 2
1900005900 1
1900005901 2
1900005902 2
1900005903 1
1900005905 1
1900005906 1
1900005908 1
1900005910 2
1900005911 1
1900005912 1
1900005913 2
1900005914 2
1900005915 2
1900005916 2
1900005917 2
1900005919 1
1900005921 1
1900005922 1
1900005923 1
1900005924 3
1900005926 2
1900005927 4
1900005928 3
1900005931 1
1900005932 2
1900005933 3
1900005935 1
1900005937 1
1900005938 1
1900005939 1
1900005940 2
1900005942 1
1900005944 1
1900005945 3
1900005949 2
1900005950 2
1900005951 1
1900005952 1
1900005954 2
1900005955 2
1900005957 1
1900005958 2
1900005959 1
1900005960 1
1900005961 3
1900005962 1
1900005963 2
1900005964 1
1900005965 1
1900005966 1
1900005967 3
1900005968 1
1900005973 1
1900005975 2
1900005976 2
1900005978 1
1900005979 1
1900005980 2
1900005981 2
1900005982 4
1900005987 3
1900005988 2
1900005989 1
1900005990 2
1900005993 2
1900005994 3
1900005996 2
1900005997 2
1900005998 1
1900005999 3
1900006000 1
1900006001 3
1900006002 3
1900006003 2
1900006005 1
1900006006 2
1900006007 2
1900006009 1
1900006010 2
1900006013 1
1900006015 2
1900006016 1
1900006017 3
1900006018 3
1900006020 1
1900006024 1
1900006025 1
1900006026 1
1900006029 1
1900006031 2
1900006032 2
1900006034 1
1900006035 1
1900006038 1
1900006039 1
1900006041 1
1900006042 1
1900006044 1
1900006046 1
1900006047 2
1900006048 1
1900006050 3
1900006051 2
1900006053 1
1900006054 2
1900006056 1
1900006058 1
1900006059 1
1900006060 1
1900006062 1
1900006063 1
1900006064 1
1900006066 4
1900006067 1
1900006076 2
1900006078 1
1900006079 1
1900006081 1
1900006084 3
1900006085 1
1900006088 2
1900006089 1
1900006090 2
1900006091 1
1900006093 3
1900006094 2
1900006095 3
1900006097 3
1900006098 2
1900006100 1
1900006101 1
1900006103 2
1900006105 1
1900006106 2
1900006107 2
1900006108 1
1900006109 1
1900006110 1
1900006112 1
1900006113 1
1900006114 1
1900006118 1
1900006120 2
1900006122 2
1900006123 2
1900006125 1
1900006127 4
1900006129 1
1900006131 2
1900006133 1
1900006136 1
1900006137 2
1900006138 1
1900006139 1
1900006140 1
1900006141 1
1900006145 2
1900006146 1
1900006147 4
1900006148 4
1900006149 1
1900006150 1
1900006151 1
1900006152 1
1900006156 3
1900006159 1
1900006160 1
1900006161 1
1900006163 3
1900006167 2
1900006171 3
1900006173 1
1900006175 1
1900006176 1
1900006177 2
1900006179 1
1900006180 1
1900006182 2
1900006183 1
1900006184 1
1900006187 1
1900006188 2
1900006189 1
1900006190 2
1900006191 1
1900006192 2
1900006193 1
1900006194 2
1900006195 1
1900006196 2
1900006199 1
1900006200 3
1900006202 2
1900006203 2
1900006205 1
1900006206 1
1900006209 1
1900006210 1
1900006212 1
1900006213 1
1900006214 2
1900006215 2
1900006216 3
1900006217 2
1900006218 1
1900006220 1
1900006222 2
1900006223 2
1900006226 1
1900006227 1
1900006228 1
1900006229 2
1900006230 1
1900006231 1
1900006232 2
1900006233 1
1900006234 4
1900006237 1
1900006238 2
1900006242 1
1900006243 1
1900006245 2
1900006246 1
1900006249 1
1900006250 1
1900006251 1
1900006253 4
1900006255 1
1900006256 1
1900006257 2
1900006260 1
1900006261 3
1900006262 2
1900006263 2
1900006264 1
1900006266 1
1900006268 1
1900006271 1
1900006273 1
1900006275 1
1900006277 2
1900006278 1
1900006279 1
1900006280 4
1900006282 2
1900006283 1
1900006285 1
1900006286 1
1900006287 1
1900006289 1
1900006290 2
1900006292 1
1900006296 2
1900006297 1
1900006298 1
1900006299 1
1900006300 2
1900006302 1
1900006304 1
1900006307 2
1900006308 3
1900006309 2
1900006310 1
1900006313 1
1900006314 2
1900006315 1
1900006317 1
1900006318 3
1900006321 1
1900006323 2
1900006325 1
1900006327 1
1900006328 2
1900006329 3
1900006330 1
1900006333 1
1900006334 1
1900006335 2
1900006336 1
1900006337 1
1900006338 2
1900006339 2
1900006341 1
1900006342 2
1900006343 2
1900006344 1
1900006345 2
1900006347 2
1900006348 2
1900006351 1
1900006353 2
1900006354 1
1900006356 1
1900006358 2
1900006359 2
1900006361 1
1900006362 1
1900006364 1
1900006366 1
1900006367 3
1900006368 1
1900006369 2
1900006370 1
1900006371 3
1900006372 1
1900006374 4
1900006377 2
1900006378 1
1900006382 2
1900006384 1
1900006387 2
1900006388 1
1900006389 2
1900006390 3
1900006391 1
1900006392 2
1900006393 1
1900006394 2
1900006398 2
1900006400 1
1900006401 2
1900006403 1
1900006405 2
1900006409 2
1900006413 1
1900006416 2
1900006417 1
1900006419 1
1900006420 1
1900006421 1
1900006423 1
1900006425 2
1900006426 1
1900006427 1
1900006428 2
1900006431 1
1900006432 1
1900006435 3
1900006436 1
1900006437 2
1900006441 1
1900006442 1
1900006443 1
1900006444 6
1900006447 1
1900006448 2
1900006450 2
1900006451 2
1900006455 4
1900006456 1
1900006458 1
1900006459 3
1900006461 2
1900006464 2
1900006465 1
1900006467 1
1900006470 1
1900006472 1
1900006473 2
1900006474 1
1900006478 2
1900006479 3
1900006480 3
1900006482 4
1900006485 2
1900006487 1
1900006491 1
1900006492 2
1900006495 2
1900006496 3
1900006497 1
1900006499 1
1900006500 2
1900006501 1
1900006502 1
1900006505 1
1900006506 2
1900006509 3
1900006510 1
1900006512 1
1900006513 1
1900006514 2
1900006518 1
1900006519 2
1900006521 1
1900006522 1
1900006523 1
1900006526 1
1900006527 1
1900006528 2
1900006530 2
1900006531 1
1900006535 1
1900006536 1
1900006537 2
1900006541 1
1900006542 1
1900006543 1
1900006544 1
1900006546 1
1900006548 1
1900006550 1
1900006552 6
1900006553 1
1900006554 5
1900006555 1
1900006556 2
1900006557 1
1900006559 1
1900006560 2
1900006561 1
1900006565 2
1900006566 1
1900006568 3
1900006569 1
1900006570 2
1900006571 1
1900006573 2
1900006574 2
1900006575 2
1900006576 1
1900006577 2
1900006578 1
1900006579 1
1900006581 1
1900006582 2
1900006585 1
1900006586 2
1900006588 1
1900006589 1
1900006590 1
1900006593 6
1900006594 1
1900006596 3
1900006597 1
1900006598 2
1900006599 1
1900006600 2
1900006604 1
1900006605 1
1900006607 1
1900006609 1
1900006610 1
1900006611 1
1900006612 3
1900006613 1
1900006615 1
1900006617 3
1900006618 1
1900006622 1
1900006626 2
1900006627 2
1900006628 2
1900006629 1
1900006630 1
1900006632 1
1900006633 1
1900006635 1
1900006636 2
1900006638 2
1900006640 1
1900006642 1
1900006647 3
1900006651 1
1900006653 2
1900006654 2
1900006655 1
1900006656 1
1900006657 2
1900006658 1
1900006660 4
1900006664 1
1900006666 1
1900006667 2
1900006669 1
1900006670 3
1900006672 2
1900006674 1
1900006676 1
1900006678 1
1900006679 1
1900006681 1
1900006683 1
1900006684 1
1900006686 1
1900006689 1
1900006691 1
1900006696 1
1900006697 1
1900006699 1
1900006701 1
1900006702 1
1900006703 1
1900006704 1
1900006705 1
1900006707 3
1900006709 1
1900006710 1
1900006711 2
1900006712 1
1900006714 2
1900006715 1
1900006716 2
1900006718 2
1900006719 1
1900006720 1
1900006721 3
1900006723 1
1900006724 1
1900006725 1
1900006726 3
1900006727 1
1900006728 2
1900006730 1
1900006732 1
1900006733 1
1900006734 1
1900006737 1
1900006738 1
1900006739 1
1900006741 1
1900006742 6
1900006743 1
1900006744 4
1900006745 1
1900006746 1
1900006748 1
1900006749 1
1900006751 1
1900006753 1
1900006754 2
1900006757 1
1900006758 1
1900006759 3
1900006760 1
1900006761 1
1900006764 3
1900006765 3
1900006766 3
1900006769 2
1900006771 2
1900006772 1
1900006773 1
1900006774 2
1900006775 3
1900006777 1
1900006778 1
1900006780 2
1900006781 1
1900006782 1
1900006784 3
1900006785 2
1900006787 4
1900006788 1
1900006791 1
1900006792 1
1900006793 2
1900006794 1
1900006797 4
1900006798 3
1900006799 2
1900006800 1
1900006801 4
1900006803 2
1900006805 2
1900006806 1
1900006808 2
1900006809 1
1900006810 1
1900006812 1
1900006813 1
1900006814 4
1900006816 2
1900006817 1
1900006819 1
1900006820 1
1900006821 5
1900006823 1
1900006824 1
1900006825 1
1900006826 2
1900006827 1
1900006828 1
1900006829 2
1900006833 5
1900006834 1
1900006835 1
1900006836 1
1900006838 2
1900006839 1
1900006840 1
1900006841 3
1900006842 1
1900006844 3
1900006845 1
1900006847 2
1900006849 2
1900006850 2
1900006851 1
1900006852 2
1900006853 1
1900006855 1
1900006856 1
1900006857 1
1900006858 1
1900006859 1
1900006860 2
1900006862 2
1900006863 1
1900006865 1
1900006869 1
1900006870 1
1900006871 1
1900006874 2
1900006875 1
1900006877 1
1900006878 2
1900006881 2
1900006882 2
1900006883 1
1900006884 1
1900006885 1
1900006886 2
1900006888 3
1900006889 1
1900006893 1
1900006894 3
1900006895 3
1900006896 1
1900006897 1
1900006899 1
1900006900 1
1900006902 2
1900006903 2
1900006904 2
1900006905 3
1900006906 2
1900006907 1
1900006909 2
1900006910 2
1900006911 1
1900006912 1
1900006913 1
1900006914 1
1900006916 1
1900006917 2
1900006918 1
1900006919 1
1900006921 1
1900006922 1
1900006923 2
1900006925 1
1900006926 1
1900006928 3
1900006930 1
1900006931 1
1900006934 1
1900006935 2
1900006936 1
1900006939 1
1900006940 1
1900006944 1
1900006945 2
1900006948 1
1900006949 2
1900006950 1
1900006952 2
1900006953 2
1900006956 1
1900006960 1
1900006962 1
1900006963 1
1900006966 1
1900006969 1
1900006970 1
1900006971 3
1900006974 1
1900006975 2
1900006976 1
1900006977 1
1900006978 1
1900006979 2
1900006980 1
1900006983 2
1900006984 1
1900006985 1
1900006987 2
1900006990 1
1900006991 2
1900006992 2
1900006993 2
1900006994 2
1900006995 2
1900006996 2
1900006997 1
1900006998 2
1900006999 1
1900007000 1
1900007002 1
1900007005 1
1900007006 2
1900007007 2
1900007008 2
1900007009 2
1900007011 1
1900007012 1
1900007013 3
1900007018 1
1900007019 2
1900007020 1
1900007021 3
1900007022 1
1900007023 2
1900007027 2
1900007028 1
1900007029 2
1900007031 1
1900007032 1
1900007033 1
1900007034 4
1900007038 2
1900007039 2
1900007040 1
1900007041 1
1900007042 1
1900007043 1
1900007044 3
1900007046 2
1900007049 1
1900007050 1
1900007051 1
1900007052 2
1900007053 2
1900007057 2
1900007059 1
1900007061 1
1900007064 1
1900007065 1
1900007066 3
1900007068 3
1900007069 1
1900007070 2
1900007071 2
1900007073 1
1900007074 2
1900007075 1
1900007076 2
1900007079 3
1900007084 1
1900007085 1
1900007086 2
1900007088 3
1900007089 1
1900007090 1
1900007091 2
1900007092 2
1900007093 1
1900007094 1
1900007097 1
1900007098 2
1900007099 1
1900007101 1
1900007102 2
1900007103 2
1900007105 1
1900007106 2
1900007108 1
1900007109 1
1900007110 2
1900007111 2
1900007112 1
1900007113 2
1900007115 1
1900007116 1
1900007117 3
1900007119 1
1900007120 1
1900007122 1
1900007124 1
1900007126 2
1900007128 2
1900007129 1
1900007130 2
1900007132 3
1900007140 2
1900007141 1
1900007142 2
1900007144 1
1900007145 2
1900007146 2
1900007148 1
1900007149 2
1900007150 2
1900007151 1
1900007152 1
1900007154 2
1900007157 2
1900007158 1
1900007159 3
1900007161 1
1900007162 1
1900007163 4
1900007164 1
1900007165 1
1900007166 1
1900007170 1
1900007171 2
1900007172 1
1900007173 2
1900007174 2
1900007176 1
1900007177 1
1900007178 3
1900007179 1
1900007180 2
1900007181 2
1900007182 1
1900007183 1
1900007185 2
1900007186 1
1900007187 1
1900007188 3
1900007189 2
1900007190 2
1900007191 1
1900007196 1
1900007197 1
1900007198 1
1900007201 1
1900007202 2
1900007205 2
1900007206 2
1900007207 2
1900007210 1
1900007211 1
1900007213 2
1900007214 3
1900007218 1
1900007219 1
1900007220 2
1900007221 1
1900007222 1
1900007224 3
1900007225 1
1900007226 2
1900007228 2
1900007229 1
1900007230 1
1900007231 1
1900007232 2
1900007233 1
1900007234 2
1900007235 2
1900007236 1
1900007237 1
1900007240 5
1900007241 1
1900007242 1
1900007243 1
1900007244 1
1900007245 1
1900007246 1
1900007247 1
1900007248 1
1900007249 3
1900007251 1
1900007253 1
1900007254 1
1900007255 1
1900007256 2
1900007257 1
1900007258 1
1900007259 1
1900007260 1
1900007262 2
1900007264 2
1900007270 4
1900007271 2
1900007272 1
1900007274 1
1900007278 1
1900007279 1
1900007280 1
1900007281 3
1900007283 2
1900007285 1
1900007286 1
1900007287 1
1900007289 1
1900007290 2
1900007293 1
1900007295 2
1900007296 2
1900007302 1
1900007304 1
1900007307 2
1900007308 1
1900007309 3
1900007312 1
1900007313 2
1900007315 1
1900007316 2
1900007317 3
1900007318 3
1900007319 1
1900007320 1
1900007321 2
1900007322 1
1900007323 3
1900007324 1
1900007325 1
1900007327 3
1900007330 1
1900007331 2
1900007332 1
1900007333 3
1900007335 1
1900007337 2
1900007338 1
1900007339 1
1900007342 3
1900007344 2
1900007345 2
1900007347 1
1900007350 1
1900007351 2
1900007352 2
1900007353 1
1900007355 1
1900007356 2
1900007358 1
1900007360 1
1900007361 2
1900007362 2
1900007365 1
1900007366 2
1900007367 1
1900007369 1
1900007370 1
1900007371 3
1900007374 1
1900007376 2
1900007378 3
1900007379 1
1900007382 1
1900007383 1
1900007384 1
1900007385 1
1900007387 4
1900007390 1
1900007391 1
1900007392 1
1900007395 2
1900007396 2
1900007397 1
1900007398 3
1900007399 2
1900007400 1
1900007401 3
1900007402 1
1900007403 1
1900007404 1
1900007405 2
1900007406 2
1900007409 1
1900007410 1
1900007411 1
1900007413 1
1900007414 1
1900007418 2
1900007419 1
1900007420 1
1900007421 1
1900007422 3
1900007424 2
1900007425 1
1900007426 1
1900007429 1
1900007432 1
1900007433 1
1900007434 1
1900007435 2
1900007436 1
1900007437 1
1900007439 4
1900007441 1
1900007443 1
1900007444 1
1900007446 1
1900007450 1
1900007451 1
1900007453 1
1900007455 1
1900007456 1
1900007457 2
1900007460 2
1900007462 2
1900007463 2
1900007465 3
1900007466 1
1900007468 2
1900007469 1
1900007470 4
1900007474 3
1900007475 1
1900007476 1
1900007477 2
1900007478 2
1900007479 1
1900007480 2
1900007481 2
1900007482 1
1900007483 1
1900007484 1
1900007488 5
1900007489 3
1900007490 1
1900007491 1
1900007492 2
1900007493 2
1900007494 3
1900007495 2
1900007496 1
1900007497 1
1900007498 1
1900007499 1
1900007505 2
1900007507 1
1900007508 1
1900007509 1
1900007510 2
1900007511 1
1900007512 1
1900007516 1
1900007518 1
1900007519 2
1900007520 1
1900007522 1
1900007525 3
1900007526 2
1900007528 2
1900007530 2
1900007534 1
1900007535 2
1900007536 2
1900007537 1
1900007538 1
1900007540 1
1900007541 2
1900007544 2
1900007545 2
1900007546 1
1900007547 1
1900007548 1
1900007549 2
1900007550 2
1900007552 1
1900007553 1
1900007555 1
1900007556 2
1900007557 1
1900007560 1
1900007563 2
1900007564 2
1900007565 1
1900007567 1
1900007568 2
1900007569 1
1900007571 1
1900007572 1
1900007573 1
1900007575 1
1900007578 1
1900007579 1
1900007580 2
1900007581 1
1900007582 3
1900007584 3
1900007585 1
1900007586 2
1900007588 1
1900007589 1
1900007590 1
1900007591 2
1900007592 1
1900007593 2
1900007595 1
1900007596 1
1900007597 2
1900007600 1
1900007601 2
1900007603 3
1900007604 2
1900007605 2
1900007606 1
1900007607 2
1900007609 1
1900007610 3
1900007612 3
1900007613 2
1900007614 1
1900007615 1
1900007616 1
1900007618 1
1900007619 1
1900007620 1
1900007624 1
1900007625 3
1900007626 2
1900007630 5
1900007632 1
1900007635 1
1900007637 4
1900007638 1
1900007640 1
1900007643 2
1900007645 2
1900007647 2
1900007650 1
1900007651 1
1900007652 2
1900007653 3
1900007654 2
1900007655 2
1900007656 1
1900007658 1
1900007659 1
1900007660 1
1900007661 2
1900007662 1
1900007663 1
1900007670 1
1900007671 1
1900007672 1
1900007673 2
1900007674 1
1900007675 1
1900007676 4
1900007677 2
1900007679 1
1900007682 2
1900007686 1
1900007687 1
1900007689 1
1900007692 1
1900007693 3
1900007695 1
1900007697 1
1900007698 2
1900007699 1
1900007700 4
1900007701 2
1900007702 1
1900007703 2
1900007704 2
1900007705 2
1900007707 1
1900007708 1
1900007710 3
1900007711 2
1900007713 1
1900007714 1
1900007716 2
1900007718 2
1900007719 1
1900007720 2
1900007722 2
1900007724 1
1900007725 4
1900007727 1
1900007728 2
1900007732 1
1900007733 1
1900007734 2
1900007735 1
1900007736 1
1900007737 2
1900007741 3
1900007744 1
1900007746 1
1900007749 4
1900007750 2
1900007752 2
1900007753 1
1900007754 1
1900007756 1
1900007758 1
1900007759 1
1900007762 1
1900007763 1
1900007765 1
1900007766 1
1900007768 1
1900007771 1
1900007773 3
1900007774 3
1900007776 2
1900007777 2
1900007779 1
1900007781 1
1900007783 1
1900007784 3
1900007785 1
1900007787 1
1900007788 1
1900007790 3
1900007791 2
1900007792 1
1900007793 4
1900007794 2
1900007796 1
1900007797 3
1900007801 1
1900007802 2
1900007805 3
1900007806 2
1900007807 1
1900007808 1
1900007809 1
1900007810 1
1900007811 1
1900007812 2
1900007814 1
1900007815 4
1900007817 2
1900007818 1
1900007819 1
1900007820 4
1900007821 1
1900007822 1
1900007825 2
1900007826 1
1900007828 2
1900007831 1
1900007832 1
1900007833 2
1900007834 2
1900007835 1
1900007838 2
1900007839 1
1900007840 1
1900007841 1
1900007842 3
1900007843 1
1900007845 1
1900007846 1
1900007847 2
1900007848 2
1900007849 1
1900007850 1
1900007851 4
1900007852 2
1900007853 3
1900007854 2
1900007855 2
1900007857 1
1900007861 2
1900007862 1
1900007863 2
1900007864 1
1900007866 1
1900007868 1
1900007869 2
1900007871 1
1900007873 1
1900007874 3
1900007875 3
1900007876 1
1900007878 2
1900007879 1
1900007882 2
1900007885 2
1900007888 1
1900007889 1
1900007890 2
1900007891 1
1900007894 1
1900007895 2
1900007896 2
1900007897 1
1900007898 2
1900007900 1
1900007901 1
1900007902 1
1900007906 1
1900007908 2
1900007910 2
1900007911 1
1900007912 1
1900007915 2
1900007917 1
1900007919 2
1900007920 1
1900007921 1
1900007922 1
1900007924 2
1900007925 1
1900007926 2
1900007928 2
1900007929 1
1900007930 1
1900007933 1
1900007934 2
1900007935 2
1900007936 2
1900007940 1
1900007941 2
1900007943 3
1900007944 1
1900007948 2
1900007949 4
1900007950 1
1900007952 1
1900007953 1
1900007954 2
1900007955 1
1900007962 3
1900007966 3
1900007967 2
1900007968 1
1900007970 3
1900007971 1
1900007972 3
1900007973 1
1900007974 2
1900007975 3
1900007977 1
1900007978 1
1900007979 1
1900007983 2
1900007986 1
1900007987 2
1900007988 1
1900007989 2
1900007990 3
1900007992 1
1900007994 1
1900007995 1
1900007996 2
1900008000 2
1900008002 1
1900008003 1
1900008004 1
1900008007 2
1900008009 2
1900008011 1
1900008012 2
1900008013 3
1900008014 1
1900008016 1
1900008019 2
1900008020 2
1900008021 2
1900008023 1
1900008024 1
1900008025 2
1900008026 2
1900008027 3
1900008029 2
1900008031 1
1900008032 1
1900008033 1
1900008034 1
1900008035 1
1900008036 4
1900008037 1
1900008040 2
1900008041 1
1900008044 1
1900008045 1
1900008046 1
1900008047 1
1900008048 2
1900008051 3
1900008052 3
1900008056 1
1900008057 1
1900008058 2
1900008059 1
1900008063 1
1900008064 1
1900008065 1
1900008066 1
1900008067 1
1900008068 1
1900008069 3
1900008071 1
1900008073 1
1900008076 1
1900008077 3
1900008078 3
1900008079 2
1900008080 2
1900008085 1
1900008087 1
1900008088 2
1900008090 2
1900008092 1
1900008093 3
1900008095 2
1900008098 2
1900008099 2
1900008101 1
1900008102 1
1900008103 1
1900008104 4
1900008106 2
1900008109 1
1900008110 2
1900008112 1
1900008113 1
1900008114 2
1900008116 1
1900008117 1
1900008118 1
1900008119 2
1900008121 2
1900008122 2
1900008123 2
1900008127 2
1900008129 1
1900008133 2
1900008135 1
1900008136 3
1900008137 1
1900008138 4
1900008139 1
1900008141 1
1900008143 2
1900008146 1
1900008147 2
1900008148 1
1900008149 1
1900008150 1
1900008156 2
1900008159 1
1900008160 2
1900008163 1
1900008165 4
1900008166 1
1900008168 1
1900008169 1
1900008170 1
1900008171 1
1900008173 1
1900008175 1
1900008178 1
1900008179 2
1900008180 1
1900008181 2
1900008183 2
1900008184 1
1900008186 1
1900008187 2
1900008189 2
1900008192 2
1900008194 1
1900008196 3
1900008198 2
1900008199 1
1900008203 1
1900008206 1
1900008208 1
1900008209 4
1900008210 1
1900008211 2
1900008213 1
1900008216 1
1900008217 1
1900008218 1
1900008219 2
1900008221 1
1900008222 2
1900008228 2
1900008229 2
1900008230 2
1900008231 1
1900008232 2
1900008234 2
1900008238 2
1900008240 1
1900008241 1
1900008242 1
1900008243 2
1900008245 2
1900008246 2
1900008247 2
1900008250 1
1900008251 1
1900008252 1
1900008254 2
1900008256 2
1900008257 1
1900008259 4
1900008260 1
1900008265 3
1900008266 1
1900008267 2
1900008268 1
1900008269 1
1900008271 3
1900008273 3
1900008274 1
1900008279 1
1900008280 1
1900008282 1
1900008284 1
1900008285 1
1900008286 1
1900008287 1
1900008288 1
1900008289 1
1900008290 1
1900008292 1
1900008293 1
1900008294 3
1900008295 1
1900008296 2
1900008297 1
1900008298 2
1900008300 1
1900008301 2
1900008303 1
1900008304 3
1900008305 1
1900008306 1
1900008307 1
1900008308 1
1900008309 2
1900008312 2
1900008313 2
1900008314 3
1900008315 1
1900008316 1
1900008317 2
1900008319 3
1900008320 1
1900008322 1
1900008324 2
1900008327 2
1900008329 1
1900008330 1
1900008332 2
1900008333 1
1900008336 1
1900008337 1
1900008338 1
1900008339 1
1900008340 1
1900008341 2
1900008342 1
1900008343 1
1900008344 1
1900008345 1
1900008347 3
1900008348 1
1900008349 2
1900008351 3
1900008352 2
1900008353 2
1900008355 1
1900008356 2
1900008357 1
1900008359 2
1900008360 2
1900008362 2
1900008366 3
1900008367 2
1900008371 1
1900008372 2
1900008374 1
1900008375 1
1900008376 2
1900008377 1
1900008378 1
1900008379 1
1900008381 2
1900008385 2
1900008386 2
1900008387 1
1900008389 1
1900008394 1
1900008395 1
1900008396 1
1900008397 1
1900008398 2
1900008399 2
1900008400 1
1900008405 1
1900008407 1
1900008408 4
1900008409 2
1900008410 1
1900008415 2
1900008416 1
1900008417 2
1900008421 1
1900008422 2
1900008425 2
1900008427 1
1900008428 1
1900008429 1
1900008430 1
1900008432 2
1900008433 2
1900008434 1
1900008435 2
1900008436 2
1900008438 1
1900008439 1
1900008441 2
1900008442 2
1900008444 1
1900008445 1
1900008446 1
1900008449 1
1900008452 1
1900008453 2
1900008455 1
1900008456 1
1900008458 2
1900008459 1
1900008461 1
1900008462 2
1900008463 2
1900008464 2
1900008465 2
1900008468 1
1900008469 1
1900008470 3
1900008472 1
1900008473 1
1900008474 5
1900008476 2
1900008477 1
1900008478 4
1900008479 2
1900008481 3
1900008482 2
1900008484 2
1900008485 1
1900008486 2
1900008490 2
1900008491 1
1900008493 1
1900008494 1
1900008495 3
1900008496 1
1900008497 3
1900008498 1
1900008501 1
1900008502 3
1900008504 2
1900008505 1
1900008506 3
1900008507 1
1900008508 1
1900008509 1
1900008510 1
1900008513 1
1900008514 2
1900008515 1
1900008516 2
1900008517 1
1900008518 1
1900008519 1
1900008521 2
1900008522 1
1900008524 1
1900008525 2
1900008526 2
1900008527 2
1900008528 1
1900008529 1
1900008530 1
1900008531 3
1900008532 1
1900008534 1
1900008535 2
1900008536 5
1900008537 2
1900008539 1
1900008541 2
1900008542 1
1900008543 1
1900008544 2
1900008545 1
1900008547 4
1900008548 2
1900008550 3
1900008552 1
1900008553 1
1900008556 1
1900008557 1
1900008559 3
1900008560 1
1900008561 1
1900008563 2
1900008565 1
1900008566 2
1900008567 2
1900008568 1
1900008569 2
1900008570 2
1900008571 1
1900008572 1
1900008576 1
1900008577 2
1900008578 1
1900008579 1
1900008582 1
1900008583 1
1900008584 1
1900008585 1
1900008588 3
1900008589 2
1900008593 2
1900008594 1
1900008595 2
1900008596 1
1900008598 1
1900008599 2
1900008600 1
1900008602 3
1900008603 1
1900008604 1
1900008606 2
1900008609 2
1900008610 2
1900008612 2
1900008614 1
1900008615 2
1900008616 1
1900008617 1
1900008618 1
1900008619 2
1900008623 1
1900008625 2
1900008629 3
1900008630 1
1900008633 1
1900008634 3
1900008635 1
1900008636 1
1900008637 4
1900008641 1
1900008643 2
1900008646 1
1900008648 1
1900008649 2
1900008650 2
1900008651 2
1900008653 1
1900008654 1
1900008655 2
1900008656 1
1900008660 1
1900008661 2
1900008662 2
1900008663 2
1900008664 2
1900008665 1
1900008666 2
1900008669 1
1900008670 1
1900008671 2
1900008673 2
1900008675 1
1900008676 1
1900008677 2
1900008678 2
1900008679 1
1900008680 1
1900008681 2
1900008682 3
1900008683 5
1900008685 1
1900008687 1
1900008688 1
1900008689 1
1900008692 2
1900008696 2
1900008698 1
1900008703 1
1900008705 1
1900008706 1
1900008708 3
1900008711 2
1900008712 2
1900008713 2
1900008714 1
1900008715 1
1900008716 1
1900008719 1
1900008720 2
1900008724 3
1900008725 2
1900008726 1
1900008727 1
1900008728 1
1900008729 2
1900008730 3
1900008731 1
1900008732 2
1900008735 1
1900008738 2
1900008740 1
1900008742 2
1900008743 3
1900008744 1
1900008745 1
1900008746 2
1900008748 1
1900008749 1
1900008750 1
1900008751 2
1900008752 3
1900008754 2
1900008756 1
1900008757 1
1900008758 1
1900008759 3
1900008760 3
1900008761 1
1900008762 2
1900008763 1
1900008768 2
1900008769 1
1900008770 1
1900008773 1
1900008774 1
1900008776 3
1900008777 1
1900008778 1
1900008779 1
1900008780 2
1900008781 1
1900008783 1
1900008784 1
1900008785 2
1900008786 2
1900008788 1
1900008791 1
1900008795 1
1900008797 1
1900008798 2
1900008801 1
1900008802 1
1900008803 2
1900008804 1
1900008805 1
1900008806 1
1900008807 1
1900008808 2
1900008809 2
1900008811 1
1900008812 1
1900008813 2
1900008814 1
1900008816 2
1900008817 1
1900008818 1
1900008820 1
1900008821 2
1900008822 2
1900008824 1
1900008825 1
1900008827 1
1900008832 2
1900008834 1
1900008836 2
1900008837 1
1900008838 1
1900008839 2
1900008841 3
1900008842 1
1900008846 2
1900008848 2
1900008850 2
1900008851 1
1900008852 2
1900008853 1
1900008854 2
1900008856 1
1900008859 1
1900008860 1
1900008863 1
1900008864 1
1900008865 1
1900008866 2
1900008867 2
1900008869 2
1900008870 1
1900008872 1
1900008873 2
1900008874 1
1900008876 1
1900008877 1
1900008878 1
1900008879 1
1900008880 3
1900008881 1
1900008883 1
1900008885 1
1900008889 2
1900008890 2
1900008891 3
1900008892 1
1900008893 2
1900008894 1
1900008896 3
1900008897 2
1900008898 1
1900008899 2
1900008900 2
1900008901 2
1900008902 1
1900008903 1
1900008904 3
1900008908 1
1900008909 2
1900008910 1
1900008911 4
1900008914 1
1900008915 1
1900008916 1
1900008917 2
1900008918 1
1900008919 2
1900008921 1
1900008924 1
1900008925 2
1900008926 3
1900008927 1
1900008932 1
1900008936 1
1900008937 1
1900008938 1
1900008940 2
1900008941 1
1900008942 4
1900008943 1
1900008944 1
1900008946 1
1900008949 1
1900008950 2
1900008952 1
1900008953 2
1900008954 4
1900008955 2
1900008956 1
1900008957 1
1900008958 2
1900008959 1
1900008960 1
1900008961 2
1900008962 2
1900008963 1
1900008965 2
1900008966 1
1900008967 3
1900008968 2
1900008969 2
1900008970 1
1900008971 1
1900008972 1
1900008973 1
1900008974 1
1900008975 1
1900008978 4
1900008981 1
1900008982 1
1900008984 2
1900008986 1
1900008987 1
1900008988 1
1900008991 1
1900008992 1
1900008996 1
1900008997 3
1900008999 1
1900009003 1
1900009004 2
1900009006 2
1900009009 1
1900009010 1
1900009011 1
1900009012 1
1900009013 1
1900009014 2
1900009015 1
1900009016 1
1900009017 2
1900009018 4
1900009020 1
1900009022 1
1900009024 1
1900009025 3
1900009027 1
1900009032 1
1900009033 1
1900009034 2
1900009035 1
1900009037 1
1900009041 1
1900009042 1
1900009044 2
1900009046 2
1900009049 2
1900009052 1
1900009053 1
1900009054 1
1900009056 1
1900009058 1
1900009059 1
1900009060 2
1900009061 1
1900009062 1
1900009064 1
1900009065 1
1900009066 2
1900009067 3
1900009068 1
1900009070 1
1900009072 1
1900009073 1
1900009075 1
1900009078 2
1900009079 2
1900009081 2
1900009082 3
1900009085 1
1900009086 1
1900009087 1
1900009089 1
1900009090 1
1900009092 3
1900009093 1
1900009094 1
1900009095 2
1900009096 2
1900009097 1
1900009100 1
1900009101 1
1900009102 1
1900009104 3
1900009105 1
1900009106 2
1900009107 2
1900009108 2
1900009109 1
1900009110 1
1900009111 1
1900009113 2
1900009114 3
1900009115 1
1900009117 3
1900009118 1
1900009119 1
1900009122 1
1900009123 2
1900009125 1
1900009126 1
1900009127 2
1900009128 2
1900009131 2
1900009132 1
1900009133 3
1900009136 1
1900009138 1
1900009141 3
1900009142 3
1900009144 3
1900009146 1
1900009148 1
1900009149 1
1900009151 1
1900009152 2
1900009154 1
1900009155 1
1900009156 2
1900009157 2
1900009159 2
1900009161 1
1900009165 1
1900009166 2
1900009168 2
1900009169 2
1900009170 2
1900009171 1
1900009172 2
1900009173 2
1900009174 2
1900009179 2
1900009180 1
1900009183 1
1900009184 2
1900009187 3
1900009188 3
1900009189 1
1900009190 1
1900009193 3
1900009195 1
1900009196 2
1900009197 1
1900009199 1
1900009200 1
1900009201 2
1900009204 2
1900009207 1
1900009209 1
1900009210 2
1900009211 1
1900009214 1
1900009215 1
1900009217 2
1900009218 2
1900009219 3
1900009221 1
1900009222 2
1900009223 2
1900009225 1
1900009228 1
1900009229 2
1900009230 1
1900009231 2
1900009234 1
1900009237 2
1900009239 1
1900009240 1
1900009242 1
1900009243 1
1900009244 1
1900009249 1
1900009251 2
1900009253 2
1900009254 1
1900009255 1
1900009257 1
1900009258 1
1900009259 2
1900009260 2
1900009261 2
1900009262 1
1900009264 1
1900009265 2
1900009267 2
1900009268 1
1900009269 1
1900009270 1
1900009271 1
1900009273 1
1900009274 2
1900009276 2
1900009277 2
1900009278 1
1900009279 1
1900009280 2
1900009282 1
1900009283 1
1900009284 2
1900009285 5
1900009286 3
1900009287 1
1900009288 2
1900009290 1
1900009291 2
1900009292 1
1900009293 2
1900009294 3
1900009295 2
1900009297 1
1900009298 1
1900009299 2
1900009300 1
1900009303 2
1900009304 2
1900009305 2
1900009307 1
1900009308 2
1900009309 1
1900009311 1
1900009312 3
1900009313 1
1900009314 2
1900009315 1
1900009317 4
1900009318 2
1900009319 2
1900009322 1
1900009323 2
1900009325 1
1900009326 1
1900009327 2
1900009328 1
1900009331 1
1900009332 1
1900009333 1
1900009335 1
1900009336 1
1900009337 2
1900009338 2
1900009339 2
1900009341 1
1900009342 2
1900009343 1
1900009344 2
1900009346 1
1900009347 2
1900009348 1
1900009349 2
1900009352 1
1900009353 1
1900009354 1
1900009355 1
1900009359 1
1900009360 2
1900009361 2
1900009362 1
1900009365 1
1900009368 3
1900009369 1
1900009370 2
1900009371 2
1900009372 1
1900009375 1
1900009377 1
1900009378 1
1900009379 2
1900009380 2
1900009382 1
1900009383 1
1900009386 1
1900009388 1
1900009394 1
1900009395 1
1900009396 2
1900009398 1
1900009399 2
1900009401 2
1900009404 1
1900009405 1
1900009407 1
1900009408 2
1900009410 1
1900009412 1
1900009413 2
1900009414 2
1900009415 1
1900009416 1
1900009417 1
1900009418 2
1900009420 2
1900009421 1
1900009422 2
1900009424 1
1900009425 2
1900009428 2
1900009429 1
1900009432 1
1900009435 1
1900009439 1
1900009440 1
1900009442 2
1900009444 2
1900009445 1
1900009448 1
1900009449 1
1900009450 2
1900009451 1
1900009452 1
1900009453 1
1900009455 2
1900009457 1
1900009458 1
1900009460 1
1900009462 1
1900009463 1
1900009464 1
1900009465 1
1900009466 3
1900009467 1
1900009468 2
1900009469 3
1900009470 2
1900009472 1
1900009476 1
1900009478 2
1900009479 1
1900009480 1
1900009481 1
1900009482 2
1900009484 1
1900009487 2
1900009488 2
1900009491 1
1900009492 1
1900009494 2
1900009495 3
1900009496 1
1900009497 3
1900009498 1
1900009499 2
1900009500 2
1900009502 2
1900009504 1
1900009505 1
1900009506 1
1900009509 1
1900009510 1
1900009511 2
1900009513 1
1900009514 4
1900009515 1
1900009517 2
1900009520 1
1900009521 1
1900009522 1
1900009523 1
1900009524 1
1900009525 2
1900009527 1
1900009528 2
1900009529 2
1900009534 1
1900009535 1
1900009536 1
1900009538 1
1900009540 1
1900009541 1
1900009543 2
1900009544 1
1900009546 3
1900009547 1
1900009548 1
1900009549 1
1900009551 2
1900009552 1
1900009553 1
1900009554 1
1900009557 2
1900009558 1
1900009560 3
1900009561 1
1900009562 1
1900009564 1
1900009565 1
1900009566 2
1900009567 1
1900009568 1
1900009570 1
1900009571 1
1900009572 2
1900009574 1
1900009575 2
1900009576 1
1900009578 1
1900009579 1
1900009581 2
1900009583 2
1900009584 1
1900009585 2
1900009587 1
1900009588 1
1900009590 1
1900009591 1
1900009594 2
1900009595 2
1900009596 1
1900009597 2
1900009599 3
1900009600 2
1900009601 1
1900009604 1
1900009606 2
1900009607 1
1900009608 1
1900009610 1
1900009611 1
1900009612 1
1900009613 1
1900009614 1
1900009615 1
1900009616 1
1900009619 3
1900009622 2
1900009624 1
1900009626 1
1900009628 2
1900009629 3
1900009630 1
1900009631 3
1900009632 1
1900009633 1
1900009635 1
1900009637 1
1900009638 1
1900009639 1
1900009640 1
1900009641 2
1900009642 1
1900009643 2
1900009644 1
1900009648 1
1900009649 2
1900009650 1
1900009651 4
1900009652 3
1900009654 3
1900009655 1
1900009656 1
1900009657 1
1900009658 1
1900009659 1
1900009660 1
1900009662 2
1900009663 3
1900009666 4
1900009668 1
1900009669 1
1900009670 1
1900009671 3
1900009673 3
1900009676 1
1900009677 2
1900009678 1
1900009680 3
1900009681 3
1900009682 3
1900009683 2
1900009685 3
1900009687 2
1900009690 3
1900009691 3
1900009696 1
1900009697 2
1900009700 4
1900009701 3
1900009702 1
1900009703 1
1900009704 1
1900009707 1
1900009708 1
1900009711 1
1900009712 1
1900009714 1
1900009715 1
1900009716 2
1900009717 1
1900009718 2
1900009719 1
1900009721 1
1900009722 2
1900009724 1
1900009726 1
1900009728 2
1900009729 2
1900009730 1
1900009732 1
1900009734 1
1900009735 1
1900009736 1
1900009737 2
1900009738 1
1900009740 3
1900009742 1
1900009744 2
1900009746 1
1900009749 1
1900009754 1
1900009756 1
1900009758 1
1900009760 3
1900009762 3
1900009763 1
1900009764 1
1900009765 1
1900009767 3
1900009769 2
1900009771 3
1900009772 1
1900009773 1
1900009774 1
1900009775 2
1900009777 2
1900009778 2
1900009779 2
1900009780 2
1900009781 2
1900009782 1
1900009784 1
1900009785 1
1900009786 2
1900009787 2
1900009788 3
1900009789 3
1900009790 1
1900009791 1
1900009792 2
1900009793 1
1900009794 1
1900009796 1
1900009797 1
1900009799 1
1900009800 3
1900009802 1
1900009805 1
1900009806 1
1900009807 1
1900009808 2
1900009809 1
1900009811 1
1900009812 3
1900009813 1
1900009816 2
1900009817 4
1900009819 3
1900009820 2
1900009822 1
1900009823 1
1900009825 1
1900009826 2
1900009827 1
1900009828 1
1900009829 2
1900009830 1
1900009831 1
1900009832 1
1900009833 1
1900009834 1
1900009835 1
1900009836 1
1900009837 1
1900009839 1
1900009841 2
1900009843 2
1900009844 2
1900009846 2
1900009848 1
1900009850 1
1900009852 1
1900009854 2
1900009855 1
1900009856 1
1900009858 1
1900009859 1
1900009860 2
1900009861 2
1900009862 2
1900009863 1
1900009864 1
1900009868 4
1900009869 2
1900009870 2
1900009871 1
1900009875 1
1900009876 2
1900009878 1
1900009880 1
1900009883 1
1900009884 1
1900009885 3
1900009886 1
1900009887 1
1900009888 1
1900009891 1
1900009892 2
1900009893 2
1900009894 1
1900009895 4
1900009896 2
1900009897 1
1900009898 4
1900009899 3
1900009900 1
1900009901 1
1900009902 2
1900009904 3
1900009906 2
1900009907 1
1900009908 2
1900009913 1
1900009915 1
1900009917 1
1900009918 1
1900009919 5
1900009921 1
1900009924 1
1900009926 2
1900009930 1
1900009931 2
1900009932 1
1900009935 1
1900009937 1
1900009938 1
1900009939 2
1900009940 1
1900009941 2
1900009944 1
1900009946 1
1900009947 2
1900009948 1
1900009950 1
1900009953 2
1900009954 1
1900009955 1
1900009957 1
1900009958 1
1900009961 1
1900009962 1
1900009963 2
1900009964 1
1900009965 1
1900009967 4
1900009968 2
1900009969 2
1900009971 1
1900009974 1
1900009979 1
1900009982 2
1900009983 2
1900009984 3
1900009989 2
1900009990 4
1900009991 1
1900009992 3
1900009993 1
1900009998 4
1900009999 1
