203 1
1900000000 3
1900000001 4
1900000003 1
1900000004 1
1900000006 2
1900000007 3
1900000008 2
1900000011 3
1900000012 4
1900000014 4
1900000015 1
1900000016 1
1900000017 1
1900000018 2
1900000019 1
1900000020 3
1900000021 1
1900000022 2
1900000023 4
1900000025 3
1900000026 1
1900000028 4
1900000029 2
1900000030 1
1900000031 3
1900000032 2
1900000033 2
1900000034 2
1900000035 3
1900000036 2
1900000037 1
1900000038 1
1900000039 2
1900000040 2
1900000041 1
1900000042 6
1900000043 2
1900000044 2
1900000045 3
1900000046 1
1900000047 1
1900000048 1
1900000049 4
1900000050 1
1900000051 1
1900000052 2
1900000053 1
1900000054 2
1900000055 4
1900000056 1
1900000057 1
1900000058 1
1900000059 3
1900000061 4
1900000062 3
1900000063 2
1900000064 1
1900000065 3
1900000066 2
1900000067 3
1900000068 2
1900000069 4
1900000070 1
1900000071 6
1900000072 2
1900000073 1
1900000075 4
1900000077 3
1900000078 1
1900000079 1
1900000080 1
1900000081 3
1900000083 1
1900000084 3
1900000085 1
1900000086 1
1900000087 1
1900000088 1
1900000089 2
1900000090 1
1900000091 3
1900000092 3
1900000093 1
1900000094 3
1900000095 2
1900000096 1
1900000097 1
1900000098 4
1900000099 1
1900000100 2
1900000101 3
1900000102 2
1900000103 2
1900000104 3
1900000106 2
1900000107 2
1900000108 4
1900000109 1
1900000110 2
1900000111 1
1900000112 4
1900000113 1
1900000114 4
1900000115 2
1900000116 1
1900000117 1
1900000118 4
1900000119 3
1900000120 3
1900000121 1
1900000122 1
1900000123 1
1900000124 1
1900000126 2
1900000128 3
1900000129 2
1900000130 1
1900000132 5
1900000133 1
1900000135 2
1900000136 2
1900000137 1
1900000138 2
1900000139 2
1900000140 3
1900000142 1
1900000144 2
1900000146 1
1900000147 1
1900000148 1
1900000149 3
1900000150 1
1900000151 2
1900000152 2
1900000154 1
1900000155 2
1900000157 2
1900000160 3
1900000161 1
1900000162 1
1900000163 3
1900000164 7
1900000165 1
1900000166 2
1900000167 1
1900000168 1
1900000169 3
1900000170 4
1900000171 1
1900000172 4
1900000173 2
1900000174 2
1900000175 1
1900000176 4
1900000177 3
1900000178 3
1900000179 1
1900000180 1
1900000181 1
1900000182 1
1900000183 1
1900000184 2
1900000185 1
1900000186 3
1900000187 1
1900000188 2
1900000189 3
1900000190 2
1900000192 1
1900000193 1
1900000194 2
1900000195 3
1900000197 1
1900000198 1
1900000199 3
1900000200 5
1900000201 1
1900000202 2
1900000203 2
1900000205 1
1900000206 4
1900000208 3
1900000209 3
1900000210 1
1900000213 2
1900000214 5
1900000215 1
1900000216 1
1900000217 1
1900000218 3
1900000219 1
1900000220 1
1900000222 3
1900000223 3
1900000224 4
1900000225 2
1900000226 2
1900000227 1
1900000228 1
1900000229 1
1900000230 1
1900000231 2
1900000232 4
1900000233 3
1900000234 1
1900000236 1
1900000237 1
1900000238 2
1900000239 1
1900000240 2
1900000241 2
1900000242 1
1900000243 3
1900000244 3
1900000246 3
1900000247 3
1900000248 2
1900000249 3
1900000250 2
1900000251 1
1900000252 2
1900000253 2
1900000254 2
1900000256 2
1900000257 1
1900000260 2
1900000261 2
1900000262 3
1900000263 3
1900000264 2
1900000265 2
1900000266 4
1900000267 1
1900000268 1
1900000269 1
1900000271 3
1900000272 2
1900000273 3
1900000274 2
1900000275 2
1900000276 1
1900000277 2
1900000278 2
1900000280 1
1900000281 2
1900000283 2
1900000284 1
1900000287 2
1900000288 2
1900000289 5
1900000290 3
1900000291 3
1900000292 1
1900000294 3
1900000295 1
1900000296 2
1900000298 2
1900000299 3
1900000300 1
1900000301 1
1900000303 2
1900000304 1
1900000305 1
1900000306 1
1900000307 1
1900000308 1
1900000309 3
1900000310 5
1900000311 4
1900000312 1
1900000313 1
1900000314 2
1900000315 4
1900000318 2
1900000319 3
1900000320 2
1900000321 1
1900000322 3
1900000323 1
1900000324 1
1900000325 5
1900000326 2
1900000327 2
1900000328 4
1900000329 5
1900000330 1
1900000331 2
1900000332 2
1900000333 3
1900000334 3
1900000335 3
1900000336 2
1900000337 2
1900000338 3
1900000341 1
1900000346 2
1900000347 1
1900000348 1
1900000349 1
1900000350 3
1900000352 1
1900000353 2
1900000354 3
1900000355 4
1900000356 2
1900000358 2
1900000359 3
1900000360 1
1900000361 2
1900000363 2
1900000364 5
1900000366 4
1900000367 2
1900000368 4
1900000370 2
1900000371 1
1900000372 1
1900000373 3
1900000375 1
1900000376 3
1900000377 2
1900000378 1
1900000379 2
1900000380 1
1900000381 3
1900000382 1
1900000383 6
1900000384 1
1900000385 3
1900000386 3
1900000387 2
1900000388 1
1900000389 2
1900000390 4
1900000391 1
1900000392 2
1900000393 2
1900000394 2
1900000395 4
1900000396 2
1900000397 1
1900000398 1
1900000399 2
1900000401 2
1900000402 4
1900000403 4
1900000404 3
1900000405 1
1900000406 2
1900000407 1
1900000408 1
1900000409 3
1900000410 1
1900000411 4
1900000412 2
1900000414 3
1900000415 2
1900000416 2
1900000417 4
1900000418 4
1900000419 2
1900000420 1
1900000421 1
1900000422 1
1900000423 1
1900000426 1
1900000429 1
1900000430 1
1900000431 2
1900000432 2
1900000433 4
1900000434 3
1900000435 2
1900000437 2
1900000438 2
1900000439 1
1900000440 3
1900000441 1
1900000442 3
1900000444 3
1900000445 1
1900000446 2
1900000448 5
1900000449 4
1900000450 3
1900000451 1
1900000452 4
1900000453 2
1900000454 1
1900000455 2
1900000456 5
1900000457 1
1900000458 1
1900000459 4
1900000461 1
1900000463 1
1900000464 2
1900000465 2
1900000466 4
1900000467 1
1900000470 3
1900000471 3
1900000472 2
1900000473 1
1900000474 3
1900000475 1
1900000477 1
1900000478 1
1900000479 1
1900000481 2
1900000482 2
1900000483 1
1900000484 1
1900000485 1
1900000486 2
1900000487 4
1900000488 2
1900000489 1
1900000490 1
1900000491 1
1900000492 4
1900000493 3
1900000494 1
1900000497 2
1900000498 1
1900000499 2
