404 1
1900000001 2
1900000002 2
1900000004 3
1900000005 1
1900000006 2
1900000007 1
1900000008 3
1900000010 2
1900000012 1
1900000013 1
1900000014 1
1900000016 7
1900000018 2
1900000019 1
1900000021 3
1900000023 6
1900000024 1
1900000026 1
1900000027 2
1900000028 1
1900000029 1
1900000030 2
1900000031 1
1900000034 1
1900000035 3
1900000036 2
1900000037 1
1900000038 2
1900000039 1
1900000040 4
1900000041 2
1900000042 1
1900000046 3
1900000047 3
1900000048 2
1900000049 4
1900000050 3
1900000052 2
1900000053 2
1900000054 2
1900000056 1
1900000057 1
1900000058 4
1900000060 1
1900000062 2
1900000063 1
1900000064 1
1900000065 5
1900000067 1
1900000068 1
1900000069 3
1900000070 1
1900000071 2
1900000072 2
1900000073 2
1900000075 5
1900000076 3
1900000078 3
1900000079 3
1900000081 1
1900000082 2
1900000085 4
1900000086 1
1900000087 1
1900000089 3
1900000090 2
1900000092 2
1900000093 5
1900000094 1
1900000095 3
1900000096 3
1900000100 2
1900000101 2
1900000103 6
1900000104 1
1900000105 2
1900000106 4
1900000107 2
1900000108 2
1900000109 4
1900000111 1
1900000112 3
1900000113 3
1900000115 3
1900000116 2
1900000117 2
1900000118 1
1900000119 3
1900000120 2
1900000123 1
1900000125 2
1900000127 2
1900000129 2
1900000130 5
1900000131 1
1900000133 3
1900000134 1
1900000135 2
1900000137 3
1900000138 3
1900000139 2
1900000141 2
1900000142 1
1900000144 1
1900000146 1
1900000150 1
1900000151 3
1900000152 1
1900000153 1
1900000154 1
1900000155 2
1900000156 4
1900000160 2
1900000161 4
1900000163 4
1900000164 4
1900000165 2
1900000166 1
1900000167 2
1900000168 1
1900000169 2
1900000170 2
1900000171 3
1900000172 1
1900000174 2
1900000175 4
1900000176 1
1900000177 1
1900000178 2
1900000179 5
1900000180 4
1900000181 1
1900000182 2
1900000183 4
1900000184 1
1900000185 3
1900000186 3
1900000187 3
1900000188 2
1900000189 1
1900000190 3
1900000191 1
1900000192 3
1900000194 3
1900000195 1
1900000196 2
1900000197 1
1900000198 2
1900000199 2
1900000200 2
1900000201 1
1900000202 2
1900000203 2
1900000204 2
1900000205 3
1900000206 1
1900000208 3
1900000209 4
1900000210 1
1900000211 1
1900000213 2
1900000215 3
1900000216 1
1900000217 3
1900000218 2
1900000219 2
1900000220 3
1900000221 1
1900000222 1
1900000224 3
1900000225 1
1900000226 2
1900000228 2
1900000229 1
1900000230 2
1900000231 2
1900000232 1
1900000233 3
1900000234 1
1900000235 2
1900000236 1
1900000237 2
1900000238 1
1900000239 2
1900000240 1
1900000241 3
1900000242 1
1900000243 3
1900000244 4
1900000245 1
1900000246 1
1900000247 1
1900000249 4
1900000250 5
1900000251 1
1900000252 1
1900000254 2
1900000255 2
1900000256 4
1900000259 2
1900000260 2
1900000261 2
1900000262 3
1900000263 1
1900000264 2
1900000265 6
1900000266 1
1900000268 2
1900000269 1
1900000270 4
1900000273 3
1900000274 3
1900000275 1
1900000276 2
1900000277 4
1900000278 1
1900000279 3
1900000280 2
1900000282 3
1900000283 1
1900000284 2
1900000285 1
1900000287 2
1900000288 3
1900000289 3
1900000290 1
1900000293 4
1900000295 2
1900000296 1
1900000298 1
1900000299 1
1900000300 3
1900000301 1
1900000302 6
1900000303 2
1900000304 3
1900000306 1
1900000307 2
1900000308 3
1900000309 3
1900000310 4
1900000312 2
1900000314 2
1900000317 3
1900000319 2
1900000322 4
1900000324 1
1900000325 1
1900000327 1
1900000328 2
1900000329 4
1900000330 1
1900000331 1
1900000332 1
1900000333 2
1900000334 2
1900000336 1
1900000337 1
1900000338 2
1900000339 2
1900000341 1
1900000342 6
1900000343 2
1900000344 1
1900000345 3
1900000346 1
1900000347 1
1900000348 1
1900000350 2
1900000351 1
1900000352 1
1900000355 2
1900000356 1
1900000359 1
1900000361 1
1900000362 2
1900000364 3
1900000365 4
1900000366 1
1900000367 1
1900000368 4
1900000369 1
1900000370 1
1900000371 1
1900000372 1
1900000374 3
1900000377 3
1900000378 1
1900000379 1
1900000380 1
1900000381 2
1900000382 1
1900000383 1
1900000386 5
1900000387 3
1900000388 1
1900000389 1
1900000390 3
1900000394 1
1900000395 2
1900000396 1
1900000397 2
1900000398 2
1900000399 2
1900000400 2
1900000401 2
1900000402 1
1900000404 2
1900000405 1
1900000406 1
1900000407 1
1900000408 1
1900000409 6
1900000410 3
1900000411 2
1900000412 3
1900000413 4
1900000414 2
1900000418 5
1900000419 1
1900000420 3
1900000421 1
1900000422 2
1900000425 1
1900000426 4
1900000427 1
1900000428 1
1900000429 1
1900000430 1
1900000433 3
1900000435 3
1900000436 2
1900000437 3
1900000438 1
1900000439 4
1900000441 5
1900000442 1
1900000443 3
1900000445 1
1900000446 3
1900000447 1
1900000448 3
1900000449 1
1900000450 1
1900000451 2
1900000452 1
1900000453 2
1900000454 2
1900000456 1
1900000457 1
1900000458 1
1900000461 1
1900000462 1
1900000463 1
1900000464 2
1900000465 3
1900000466 2
1900000468 1
1900000469 1
1900000470 3
1900000471 1
1900000472 2
1900000473 2
1900000474 3
1900000476 2
1900000477 2
1900000479 4
1900000480 1
1900000481 1
1900000482 3
1900000485 3
1900000486 1
1900000487 4
1900000488 2
1900000489 1
1900000490 2
1900000491 2
1900000492 1
1900000493 1
1900000494 1
1900000496 1
1900000497 3
1900000499 1
