105 1
900000 4
900001 2
900002 1
900003 1
900004 2
900005 5
900006 4
900008 2
900009 1
900010 4
900011 1
900012 1
900013 2
900014 1
900015 2
900016 2
900017 2
900018 2
900019 2
900020 2
900021 1
900022 3
900023 1
900024 1
900027 1
900028 2
900029 3
900030 1
900031 3
900032 1
900033 4
900034 5
900035 1
900036 1
900037 2
900038 2
900039 3
900040 2
900041 1
900042 2
900043 1
900044 8
900045 2
900046 3
900047 3
900049 1
900051 2
900052 1
900054 3
900055 2
900056 6
900057 2
900058 1
900059 2
900063 2
900064 2
900065 2
900066 1
900067 1
900068 1
900069 3
900070 4
900071 2
900072 2
900073 4
900074 1
900075 2
900076 1
900077 4
900078 2
900079 3
900080 1
900081 3
900082 4
900083 5
900084 2
900085 2
900088 3
900089 3
900091 3
900093 3
900094 2
900095 1
900096 1
900097 1
900098 5
900099 2
900100 2
900101 2
900102 2
900103 2
900104 3
900105 2
900106 1
900107 1
900108 2
900109 6
900110 2
900111 2
900112 2
900113 2
900115 1
900116 1
900117 1
900118 2
900120 1
900121 1
900122 2
900124 3
900125 2
900126 2
900127 1
900128 1
900129 5
900130 5
900131 3
900132 2
900133 5
900134 2
900135 3
900136 2
900137 1
900138 2
900139 2
900140 1
900142 3
900143 2
900144 3
900145 4
900146 2
900147 1
900148 2
900149 1
900150 1
900152 5
900153 3
900154 2
900156 2
900157 3
900158 2
900159 1
900160 1
900161 4
900162 2
900163 2
900164 2
900165 1
900166 1
900167 5
900168 2
900169 1
900170 4
900171 1
900172 3
900173 2
900174 3
900175 3
900176 2
900177 3
900179 4
900180 3
900181 5
900182 2
900183 1
900184 2
900185 3
900186 4
900187 2
900189 1
900190 2
900193 1
900194 4
900195 1
900196 4
900197 1
900198 5
900199 2
900200 4
900202 2
900203 3
900204 1
900205 3
900206 1
900208 1
900210 1
900211 3
900212 2
900213 2
900214 2
900216 5
900217 6
900218 3
900219 3
900220 2
900221 1
900222 4
900223 2
900224 4
900225 3
900227 1
900230 1
900231 3
900233 2
900234 2
900235 1
900237 2
900238 1
900240 3
900241 1
900242 3
900243 1
900244 4
900245 5
900246 2
900247 3
900248 1
900249 5
900250 4
900251 2
900252 1
900253 2
900254 2
900257 6
900258 1
900259 1
900260 5
900262 2
900263 5
900264 3
900267 3
900268 1
900271 1
900273 4
900274 1
900275 2
900276 1
900277 2
900278 5
900279 2
900280 5
900281 3
900283 1
900284 1
900285 3
900286 3
900287 1
900288 1
900289 4
900290 1
900291 1
900292 4
900293 4
900294 2
900295 1
900296 1
900297 4
900298 2
900299 6
900300 5
900302 2
900304 3
900305 2
900306 1
900307 4
900308 2
900309 3
900310 2
900312 6
900313 1
900314 1
900316 1
900317 1
900318 1
900319 2
900320 4
900321 3
900322 1
900325 2
900326 1
900327 5
900328 2
900329 1
900330 3
900331 4
900332 2
900333 1
900334 3
900335 2
900336 3
900337 1
900339 1
900340 2
900341 3
900342 2
900343 1
900345 4
900346 1
900348 4
900349 4
900350 2
900351 2
900352 1
900353 4
900354 3
900355 3
900356 6
900357 2
900358 1
900360 1
900361 1
900362 3
900363 2
900364 2
900365 2
900367 1
900368 2
900369 3
900370 1
900371 2
900372 2
900373 1
900374 2
900375 2
900376 4
900377 1
900378 3
900381 5
900382 1
900383 1
900384 1
900385 1
900386 3
900387 2
900389 1
900390 1
900392 1
900393 1
900394 1
900395 2
900396 2
900397 3
900398 1
900399 4
900400 5
900402 3
900403 2
900404 5
900405 2
900406 2
900407 4
900408 3
900409 2
900411 2
900414 1
900415 1
900416 1
900417 3
900418 2
900419 3
900420 1
900422 5
900423 2
900424 3
900425 4
900426 1
900427 1
900428 3
900429 3
900431 2
900432 7
900435 4
900437 4
900438 1
900440 4
900442 1
900444 3
900445 2
900446 1
900447 3
900448 2
900449 1
900450 1
900451 2
900452 3
900453 3
900454 1
900455 5
900456 2
900458 2
900459 4
900460 1
900461 2
900462 2
900463 2
900465 3
900466 4
900469 4
900470 5
900471 4
900472 3
900473 2
900474 1
900475 1
900476 3
900477 3
900478 5
900479 2
900480 3
900481 2
900482 2
900483 2
900484 1
900485 1
900486 1
900487 2
900488 1
900489 2
900491 1
900492 2
900493 2
900494 2
900496 3
900497 2
900498 2
900499 3
