186 1
1900000001 1
1900000002 2
1900000003 2
1900000004 2
1900000005 2
1900000006 1
1900000008 3
1900000010 2
1900000011 1
1900000012 1
1900000013 2
1900000014 1
1900000015 1
1900000016 3
1900000017 2
1900000019 3
1900000021 2
1900000022 2
1900000023 3
1900000024 2
1900000025 1
1900000026 1
1900000027 4
1900000028 2
1900000030 1
1900000031 1
1900000032 2
1900000035 4
1900000036 1
1900000037 2
1900000039 2
1900000040 1
1900000041 2
1900000042 3
1900000043 1
1900000044 1
1900000045 4
1900000046 1
1900000047 1
1900000049 3
1900000051 1
1900000052 3
1900000053 3
1900000055 3
1900000056 3
1900000057 1
1900000058 4
1900000059 1
1900000060 3
1900000061 1
1900000062 2
1900000063 5
1900000064 6
1900000065 3
1900000066 2
1900000067 2
1900000068 1
1900000069 3
1900000070 1
1900000071 3
1900000072 2
1900000073 3
1900000074 1
1900000075 3
1900000077 1
1900000078 7
1900000079 2
1900000080 2
1900000081 4
1900000082 1
1900000083 5
1900000084 3
1900000085 3
1900000086 2
1900000088 2
1900000089 1
1900000091 1
1900000092 3
1900000093 3
1900000094 3
1900000095 2
1900000096 2
1900000097 1
1900000098 6
1900000099 2
1900000102 3
1900000103 1
1900000104 2
1900000105 3
1900000106 3
1900000107 2
1900000108 3
1900000109 4
1900000110 4
1900000111 3
1900000112 3
1900000113 2
1900000114 1
1900000115 6
1900000116 2
1900000118 3
1900000119 3
1900000120 3
1900000121 3
1900000122 2
1900000123 3
1900000124 1
1900000126 1
1900000127 1
1900000128 7
1900000129 2
1900000131 4
1900000132 2
1900000134 1
1900000135 2
1900000136 3
1900000138 2
1900000139 4
1900000142 1
1900000143 3
1900000145 3
1900000146 3
1900000147 1
1900000148 3
1900000149 1
1900000150 2
1900000151 1
1900000152 3
1900000153 2
1900000154 5
1900000156 1
1900000157 3
1900000158 2
1900000159 1
1900000160 4
1900000162 2
1900000164 3
1900000165 1
1900000168 4
1900000169 1
1900000170 4
1900000171 1
1900000172 2
1900000173 1
1900000174 2
1900000175 2
1900000176 2
1900000177 3
1900000178 3
1900000179 1
1900000180 6
1900000181 2
1900000182 3
1900000183 1
1900000184 6
1900000185 2
1900000186 5
1900000187 3
1900000188 1
1900000189 2
1900000190 1
1900000191 3
1900000193 1
1900000194 3
1900000195 4
1900000196 2
1900000197 1
1900000199 4
1900000200 2
1900000202 4
1900000203 1
1900000204 4
1900000207 2
1900000208 2
1900000209 1
1900000210 4
1900000211 2
1900000212 3
1900000213 4
1900000214 2
1900000215 1
1900000216 1
1900000217 2
1900000218 3
1900000219 1
1900000220 2
1900000221 1
1900000222 2
1900000223 2
1900000224 2
1900000225 2
1900000226 2
1900000228 3
1900000229 2
1900000230 2
1900000231 2
1900000232 1
1900000233 3
1900000234 1
1900000235 3
1900000236 3
1900000237 2
1900000238 1
1900000239 4
1900000240 1
1900000241 1
1900000242 2
1900000243 5
1900000244 3
1900000245 6
1900000246 1
1900000247 3
1900000248 1
1900000249 2
1900000250 1
1900000251 2
1900000252 2
1900000253 1
1900000254 4
1900000255 1
1900000256 2
1900000257 6
1900000258 1
1900000259 1
1900000260 2
1900000261 2
1900000262 3
1900000263 1
1900000264 1
1900000267 1
1900000269 1
1900000270 3
1900000271 1
1900000272 2
1900000273 2
1900000274 1
1900000275 2
1900000277 5
1900000278 3
1900000279 2
1900000280 2
1900000281 2
1900000283 2
1900000284 1
1900000285 3
1900000286 3
1900000287 3
1900000288 2
1900000289 3
1900000290 2
1900000291 1
1900000292 1
1900000293 3
1900000294 4
1900000295 2
1900000296 4
1900000297 2
1900000298 2
1900000299 4
1900000301 1
1900000302 2
1900000303 1
1900000304 3
1900000305 2
1900000306 1
1900000308 2
1900000309 1
1900000310 6
1900000311 2
1900000312 2
1900000313 3
1900000314 1
1900000315 2
1900000316 3
1900000317 3
1900000318 3
1900000319 1
1900000320 3
1900000321 7
1900000322 2
1900000323 2
1900000324 2
1900000325 3
1900000326 1
1900000327 2
1900000328 2
1900000329 3
1900000330 2
1900000331 4
1900000333 2
1900000334 1
1900000335 1
1900000336 1
1900000337 2
1900000338 3
1900000339 3
1900000341 1
1900000342 4
1900000343 2
1900000344 2
1900000345 2
1900000346 2
1900000348 2
1900000349 2
1900000351 3
1900000352 4
1900000353 6
1900000354 4
1900000355 2
1900000356 2
1900000357 1
1900000358 2
1900000360 1
1900000361 3
1900000362 2
1900000363 3
1900000364 2
1900000365 3
1900000366 1
1900000367 4
1900000368 3
1900000369 2
1900000370 1
1900000371 3
1900000373 1
1900000374 2
1900000376 2
1900000377 1
1900000379 1
1900000380 5
1900000381 2
1900000383 2
1900000384 2
1900000385 3
1900000386 1
1900000387 1
1900000388 2
1900000389 2
1900000390 2
1900000391 1
1900000392 6
1900000393 1
1900000394 4
1900000395 2
1900000396 3
1900000397 4
1900000400 1
1900000401 3
1900000402 2
1900000404 2
1900000406 3
1900000407 1
1900000409 2
1900000411 1
1900000412 2
1900000413 5
1900000414 3
1900000417 3
1900000418 2
1900000419 4
1900000420 2
1900000421 3
1900000422 1
1900000423 2
1900000424 1
1900000427 2
1900000428 1
1900000429 1
1900000430 2
1900000432 1
1900000433 5
1900000434 2
1900000435 1
1900000436 2
1900000437 3
1900000438 4
1900000439 5
1900000440 1
1900000441 1
1900000442 3
1900000443 1
1900000444 4
1900000445 1
1900000446 3
1900000447 1
1900000448 3
1900000449 2
1900000450 2
1900000451 3
1900000452 2
1900000453 2
1900000454 4
1900000455 5
1900000456 2
1900000457 2
1900000458 2
1900000459 3
1900000460 4
1900000461 3
1900000462 5
1900000463 3
1900000464 1
1900000465 4
1900000466 4
1900000467 2
1900000469 2
1900000470 1
1900000471 3
1900000473 2
1900000474 1
1900000476 1
1900000477 1
1900000478 4
1900000479 2
1900000480 3
1900000481 2
1900000482 1
1900000483 2
1900000484 2
1900000485 1
1900000486 2
1900000487 2
1900000488 1
1900000489 2
1900000493 1
1900000494 2
1900000495 2
1900000496 1
1900000497 3
1900000498 1
